<?xml version="1.0" encoding="UTF-8"?>
<testsuite xmlns:xsi="http://www.w3.org/2001/XMLSchema-instance" xsi:noNamespaceSchemaLocation="https://maven.apache.org/surefire/maven-surefire-plugin/xsd/surefire-test-report-3.0.xsd" version="3.0" name="TestSuite" time="228.558" tests="74" errors="0" skipped="0" failures="8">
  <properties>
    <property name="java.specification.version" value="17"/>
    <property name="webdriver.chrome.driver" value="C:\WINDOWS\system32\config\systemprofile\.cache\selenium\chromedriver\win32\111.0.5563.64\chromedriver.exe"/>
    <property name="sun.cpu.isalist" value="amd64"/>
    <property name="sun.jnu.encoding" value="Cp1252"/>
    <property name="java.class.path" value="C:\Users\janga\eclipse-workspace\DSAlgosample\target\test-classes;C:\Users\janga\eclipse-workspace\DSAlgosample\target\classes;C:\WINDOWS\system32\config\systemprofile\.m2\repository\io\cucumber\cucumber-java\7.11.1\cucumber-java-7.11.1.jar;C:\WINDOWS\system32\config\systemprofile\.m2\repository\io\cucumber\cucumber-core\7.11.1\cucumber-core-7.11.1.jar;C:\WINDOWS\system32\config\systemprofile\.m2\repository\io\cucumber\cucumber-gherkin\7.11.1\cucumber-gherkin-7.11.1.jar;C:\WINDOWS\system32\config\systemprofile\.m2\repository\io\cucumber\cucumber-gherkin-messages\7.11.1\cucumber-gherkin-messages-7.11.1.jar;C:\WINDOWS\system32\config\systemprofile\.m2\repository\io\cucumber\tag-expressions\5.0.1\tag-expressions-5.0.1.jar;C:\WINDOWS\system32\config\systemprofile\.m2\repository\io\cucumber\cucumber-expressions\16.1.2\cucumber-expressions-16.1.2.jar;C:\WINDOWS\system32\config\systemprofile\.m2\repository\io\cucumber\datatable\7.11.1\datatable-7.11.1.jar;C:\WINDOWS\system32\config\systemprofile\.m2\repository\io\cucumber\cucumber-plugin\7.11.1\cucumber-plugin-7.11.1.jar;C:\WINDOWS\system32\config\systemprofile\.m2\repository\io\cucumber\docstring\7.11.1\docstring-7.11.1.jar;C:\WINDOWS\system32\config\systemprofile\.m2\repository\io\cucumber\html-formatter\20.2.1\html-formatter-20.2.1.jar;C:\WINDOWS\system32\config\systemprofile\.m2\repository\io\cucumber\junit-xml-formatter\0.1.0\junit-xml-formatter-0.1.0.jar;C:\WINDOWS\system32\config\systemprofile\.m2\repository\io\cucumber\ci-environment\9.1.0\ci-environment-9.1.0.jar;C:\WINDOWS\system32\config\systemprofile\.m2\repository\org\apiguardian\apiguardian-api\1.1.2\apiguardian-api-1.1.2.jar;C:\WINDOWS\system32\config\systemprofile\.m2\repository\org\seleniumhq\selenium\selenium-java\4.8.1\selenium-java-4.8.1.jar;C:\WINDOWS\system32\config\systemprofile\.m2\repository\org\seleniumhq\selenium\selenium-api\4.8.1\selenium-api-4.8.1.jar;C:\WINDOWS\system32\config\systemprofile\.m2\repository\org\seleniumhq\selenium\selenium-chrome-driver\4.8.1\selenium-chrome-driver-4.8.1.jar;C:\WINDOWS\system32\config\systemprofile\.m2\repository\com\google\guava\guava\31.1-jre\guava-31.1-jre.jar;C:\WINDOWS\system32\config\systemprofile\.m2\repository\com\google\guava\failureaccess\1.0.1\failureaccess-1.0.1.jar;C:\WINDOWS\system32\config\systemprofile\.m2\repository\com\google\guava\listenablefuture\9999.0-empty-to-avoid-conflict-with-guava\listenablefuture-9999.0-empty-to-avoid-conflict-with-guava.jar;C:\WINDOWS\system32\config\systemprofile\.m2\repository\com\google\code\findbugs\jsr305\3.0.2\jsr305-3.0.2.jar;C:\WINDOWS\system32\config\systemprofile\.m2\repository\org\checkerframework\checker-qual\3.12.0\checker-qual-3.12.0.jar;C:\WINDOWS\system32\config\systemprofile\.m2\repository\com\google\errorprone\error_prone_annotations\2.11.0\error_prone_annotations-2.11.0.jar;C:\WINDOWS\system32\config\systemprofile\.m2\repository\com\google\j2objc\j2objc-annotations\1.3\j2objc-annotations-1.3.jar;C:\WINDOWS\system32\config\systemprofile\.m2\repository\org\seleniumhq\selenium\selenium-chromium-driver\4.8.1\selenium-chromium-driver-4.8.1.jar;C:\WINDOWS\system32\config\systemprofile\.m2\repository\org\seleniumhq\selenium\selenium-json\4.8.1\selenium-json-4.8.1.jar;C:\WINDOWS\system32\config\systemprofile\.m2\repository\org\seleniumhq\selenium\selenium-devtools-v108\4.8.1\selenium-devtools-v108-4.8.1.jar;C:\WINDOWS\system32\config\systemprofile\.m2\repository\org\seleniumhq\selenium\selenium-devtools-v109\4.8.1\selenium-devtools-v109-4.8.1.jar;C:\WINDOWS\system32\config\systemprofile\.m2\repository\org\seleniumhq\selenium\selenium-devtools-v110\4.8.1\selenium-devtools-v110-4.8.1.jar;C:\WINDOWS\system32\config\systemprofile\.m2\repository\org\seleniumhq\selenium\selenium-devtools-v85\4.8.1\selenium-devtools-v85-4.8.1.jar;C:\WINDOWS\system32\config\systemprofile\.m2\repository\org\seleniumhq\selenium\selenium-edge-driver\4.8.1\selenium-edge-driver-4.8.1.jar;C:\WINDOWS\system32\config\systemprofile\.m2\repository\org\seleniumhq\selenium\selenium-firefox-driver\4.8.1\selenium-firefox-driver-4.8.1.jar;C:\WINDOWS\system32\config\systemprofile\.m2\repository\org\seleniumhq\selenium\selenium-ie-driver\4.8.1\selenium-ie-driver-4.8.1.jar;C:\WINDOWS\system32\config\systemprofile\.m2\repository\org\seleniumhq\selenium\selenium-remote-driver\4.8.1\selenium-remote-driver-4.8.1.jar;C:\WINDOWS\system32\config\systemprofile\.m2\repository\io\netty\netty-buffer\4.1.87.Final\netty-buffer-4.1.87.Final.jar;C:\WINDOWS\system32\config\systemprofile\.m2\repository\io\netty\netty-codec-http\4.1.87.Final\netty-codec-http-4.1.87.Final.jar;C:\WINDOWS\system32\config\systemprofile\.m2\repository\io\netty\netty-codec\4.1.87.Final\netty-codec-4.1.87.Final.jar;C:\WINDOWS\system32\config\systemprofile\.m2\repository\io\netty\netty-handler\4.1.87.Final\netty-handler-4.1.87.Final.jar;C:\WINDOWS\system32\config\systemprofile\.m2\repository\io\netty\netty-common\4.1.87.Final\netty-common-4.1.87.Final.jar;C:\WINDOWS\system32\config\systemprofile\.m2\repository\io\netty\netty-transport-classes-epoll\4.1.87.Final\netty-transport-classes-epoll-4.1.87.Final.jar;C:\WINDOWS\system32\config\systemprofile\.m2\repository\io\netty\netty-transport-classes-kqueue\4.1.87.Final\netty-transport-classes-kqueue-4.1.87.Final.jar;C:\WINDOWS\system32\config\systemprofile\.m2\repository\io\netty\netty-transport-native-epoll\4.1.87.Final\netty-transport-native-epoll-4.1.87.Final.jar;C:\WINDOWS\system32\config\systemprofile\.m2\repository\io\netty\netty-transport-native-kqueue\4.1.87.Final\netty-transport-native-kqueue-4.1.87.Final.jar;C:\WINDOWS\system32\config\systemprofile\.m2\repository\io\netty\netty-transport-native-unix-common\4.1.87.Final\netty-transport-native-unix-common-4.1.87.Final.jar;C:\WINDOWS\system32\config\systemprofile\.m2\repository\io\netty\netty-transport\4.1.87.Final\netty-transport-4.1.87.Final.jar;C:\WINDOWS\system32\config\systemprofile\.m2\repository\io\netty\netty-resolver\4.1.87.Final\netty-resolver-4.1.87.Final.jar;C:\WINDOWS\system32\config\systemprofile\.m2\repository\io\opentelemetry\opentelemetry-api\1.22.0\opentelemetry-api-1.22.0.jar;C:\WINDOWS\system32\config\systemprofile\.m2\repository\io\opentelemetry\opentelemetry-context\1.22.0\opentelemetry-context-1.22.0.jar;C:\WINDOWS\system32\config\systemprofile\.m2\repository\io\opentelemetry\opentelemetry-exporter-logging\1.22.0\opentelemetry-exporter-logging-1.22.0.jar;C:\WINDOWS\system32\config\systemprofile\.m2\repository\io\opentelemetry\opentelemetry-sdk-metrics\1.22.0\opentelemetry-sdk-metrics-1.22.0.jar;C:\WINDOWS\system32\config\systemprofile\.m2\repository\io\opentelemetry\opentelemetry-sdk-logs\1.22.0-alpha\opentelemetry-sdk-logs-1.22.0-alpha.jar;C:\WINDOWS\system32\config\systemprofile\.m2\repository\io\opentelemetry\opentelemetry-api-logs\1.22.0-alpha\opentelemetry-api-logs-1.22.0-alpha.jar;C:\WINDOWS\system32\config\systemprofile\.m2\repository\io\opentelemetry\opentelemetry-sdk-common\1.22.0\opentelemetry-sdk-common-1.22.0.jar;C:\WINDOWS\system32\config\systemprofile\.m2\repository\io\opentelemetry\opentelemetry-sdk-extension-autoconfigure-spi\1.22.0\opentelemetry-sdk-extension-autoconfigure-spi-1.22.0.jar;C:\WINDOWS\system32\config\systemprofile\.m2\repository\io\opentelemetry\opentelemetry-sdk-extension-autoconfigure\1.22.0-alpha\opentelemetry-sdk-extension-autoconfigure-1.22.0-alpha.jar;C:\WINDOWS\system32\config\systemprofile\.m2\repository\io\opentelemetry\opentelemetry-sdk-trace\1.22.0\opentelemetry-sdk-trace-1.22.0.jar;C:\WINDOWS\system32\config\systemprofile\.m2\repository\io\opentelemetry\opentelemetry-sdk\1.22.0\opentelemetry-sdk-1.22.0.jar;C:\WINDOWS\system32\config\systemprofile\.m2\repository\io\opentelemetry\opentelemetry-semconv\1.22.0-alpha\opentelemetry-semconv-1.22.0-alpha.jar;C:\WINDOWS\system32\config\systemprofile\.m2\repository\io\ous\jtoml\2.0.0\jtoml-2.0.0.jar;C:\WINDOWS\system32\config\systemprofile\.m2\repository\net\bytebuddy\byte-buddy\1.12.22\byte-buddy-1.12.22.jar;C:\WINDOWS\system32\config\systemprofile\.m2\repository\org\apache\commons\commons-exec\1.3\commons-exec-1.3.jar;C:\WINDOWS\system32\config\systemprofile\.m2\repository\org\asynchttpclient\async-http-client\2.12.3\async-http-client-2.12.3.jar;C:\WINDOWS\system32\config\systemprofile\.m2\repository\org\asynchttpclient\async-http-client-netty-utils\2.12.3\async-http-client-netty-utils-2.12.3.jar;C:\WINDOWS\system32\config\systemprofile\.m2\repository\io\netty\netty-codec-socks\4.1.60.Final\netty-codec-socks-4.1.60.Final.jar;C:\WINDOWS\system32\config\systemprofile\.m2\repository\io\netty\netty-handler-proxy\4.1.60.Final\netty-handler-proxy-4.1.60.Final.jar;C:\WINDOWS\system32\config\systemprofile\.m2\repository\io\netty\netty-transport-native-epoll\4.1.60.Final\netty-transport-native-epoll-4.1.60.Final-linux-x86_64.jar;C:\WINDOWS\system32\config\systemprofile\.m2\repository\io\netty\netty-transport-native-kqueue\4.1.60.Final\netty-transport-native-kqueue-4.1.60.Final-osx-x86_64.jar;C:\WINDOWS\system32\config\systemprofile\.m2\repository\com\typesafe\netty\netty-reactive-streams\2.0.4\netty-reactive-streams-2.0.4.jar;C:\WINDOWS\system32\config\systemprofile\.m2\repository\com\sun\activation\jakarta.activation\1.2.2\jakarta.activation-1.2.2.jar;C:\WINDOWS\system32\config\systemprofile\.m2\repository\org\seleniumhq\selenium\selenium-manager\4.8.1\selenium-manager-4.8.1.jar;C:\WINDOWS\system32\config\systemprofile\.m2\repository\org\seleniumhq\selenium\selenium-safari-driver\4.8.1\selenium-safari-driver-4.8.1.jar;C:\WINDOWS\system32\config\systemprofile\.m2\repository\org\seleniumhq\selenium\selenium-support\4.8.1\selenium-support-4.8.1.jar;C:\WINDOWS\system32\config\systemprofile\.m2\repository\io\github\bonigarcia\webdrivermanager\5.3.2\webdrivermanager-5.3.2.jar;C:\WINDOWS\system32\config\systemprofile\.m2\repository\org\slf4j\slf4j-api\2.0.6\slf4j-api-2.0.6.jar;C:\WINDOWS\system32\config\systemprofile\.m2\repository\com\google\code\gson\gson\2.10.1\gson-2.10.1.jar;C:\WINDOWS\system32\config\systemprofile\.m2\repository\com\github\docker-java\docker-java\3.2.14\docker-java-3.2.14.jar;C:\WINDOWS\system32\config\systemprofile\.m2\repository\com\github\docker-java\docker-java-core\3.2.14\docker-java-core-3.2.14.jar;C:\WINDOWS\system32\config\systemprofile\.m2\repository\com\github\docker-java\docker-java-api\3.2.14\docker-java-api-3.2.14.jar;C:\WINDOWS\system32\config\systemprofile\.m2\repository\com\fasterxml\jackson\core\jackson-annotations\2.10.3\jackson-annotations-2.10.3.jar;C:\WINDOWS\system32\config\systemprofile\.m2\repository\com\fasterxml\jackson\core\jackson-databind\2.10.3\jackson-databind-2.10.3.jar;C:\WINDOWS\system32\config\systemprofile\.m2\repository\com\fasterxml\jackson\core\jackson-core\2.10.3\jackson-core-2.10.3.jar;C:\WINDOWS\system32\config\systemprofile\.m2\repository\org\bouncycastle\bcpkix-jdk15on\1.64\bcpkix-jdk15on-1.64.jar;C:\WINDOWS\system32\config\systemprofile\.m2\repository\org\bouncycastle\bcprov-jdk15on\1.64\bcprov-jdk15on-1.64.jar;C:\WINDOWS\system32\config\systemprofile\.m2\repository\org\slf4j\jcl-over-slf4j\1.7.30\jcl-over-slf4j-1.7.30.jar;C:\WINDOWS\system32\config\systemprofile\.m2\repository\com\github\docker-java\docker-java-transport-httpclient5\3.2.14\docker-java-transport-httpclient5-3.2.14.jar;C:\WINDOWS\system32\config\systemprofile\.m2\repository\com\github\docker-java\docker-java-transport\3.2.14\docker-java-transport-3.2.14.jar;C:\WINDOWS\system32\config\systemprofile\.m2\repository\net\java\dev\jna\jna\5.12.1\jna-5.12.1.jar;C:\WINDOWS\system32\config\systemprofile\.m2\repository\org\brotli\dec\0.1.2\dec-0.1.2.jar;C:\WINDOWS\system32\config\systemprofile\.m2\repository\org\apache\commons\commons-lang3\3.12.0\commons-lang3-3.12.0.jar;C:\WINDOWS\system32\config\systemprofile\.m2\repository\org\apache\httpcomponents\client5\httpclient5\5.2.1\httpclient5-5.2.1.jar;C:\WINDOWS\system32\config\systemprofile\.m2\repository\org\apache\httpcomponents\core5\httpcore5\5.2\httpcore5-5.2.jar;C:\WINDOWS\system32\config\systemprofile\.m2\repository\org\apache\httpcomponents\core5\httpcore5-h2\5.2\httpcore5-h2-5.2.jar;C:\WINDOWS\system32\config\systemprofile\.m2\repository\junit\junit\4.13.2\junit-4.13.2.jar;C:\WINDOWS\system32\config\systemprofile\.m2\repository\org\hamcrest\hamcrest-core\1.3\hamcrest-core-1.3.jar;C:\WINDOWS\system32\config\systemprofile\.m2\repository\io\cucumber\cucumber-junit\7.11.1\cucumber-junit-7.11.1.jar;C:\WINDOWS\system32\config\systemprofile\.m2\repository\io\qameta\allure\allure-cucumber7-jvm\2.20.1\allure-cucumber7-jvm-2.20.1.jar;C:\WINDOWS\system32\config\systemprofile\.m2\repository\io\qameta\allure\allure-java-commons\2.20.1\allure-java-commons-2.20.1.jar;C:\WINDOWS\system32\config\systemprofile\.m2\repository\io\qameta\allure\allure-model\2.20.1\allure-model-2.20.1.jar;C:\WINDOWS\system32\config\systemprofile\.m2\repository\io\cucumber\gherkin\26.0.3\gherkin-26.0.3.jar;C:\WINDOWS\system32\config\systemprofile\.m2\repository\io\cucumber\messages\21.0.1\messages-21.0.1.jar;C:\WINDOWS\system32\config\systemprofile\.m2\repository\org\testng\testng\7.7.1\testng-7.7.1.jar;C:\WINDOWS\system32\config\systemprofile\.m2\repository\com\beust\jcommander\1.82\jcommander-1.82.jar;C:\WINDOWS\system32\config\systemprofile\.m2\repository\org\webjars\jquery\3.6.1\jquery-3.6.1.jar;C:\WINDOWS\system32\config\systemprofile\.m2\repository\io\cucumber\cucumber-testng\7.2.3\cucumber-testng-7.2.3.jar;C:\WINDOWS\system32\config\systemprofile\.m2\repository\org\apache\logging\log4j\log4j-core\2.20.0\log4j-core-2.20.0.jar;C:\WINDOWS\system32\config\systemprofile\.m2\repository\org\apache\logging\log4j\log4j-api\2.20.0\log4j-api-2.20.0.jar;C:\WINDOWS\system32\config\systemprofile\.m2\repository\org\seleniumhq\selenium\selenium-http-jdk-client\4.5.0\selenium-http-jdk-client-4.5.0.jar;C:\WINDOWS\system32\config\systemprofile\.m2\repository\com\google\auto\service\auto-service-annotations\1.0.1\auto-service-annotations-1.0.1.jar;C:\WINDOWS\system32\config\systemprofile\.m2\repository\com\google\auto\service\auto-service\1.0.1\auto-service-1.0.1.jar;C:\WINDOWS\system32\config\systemprofile\.m2\repository\com\google\auto\auto-common\1.2\auto-common-1.2.jar;C:\WINDOWS\system32\config\systemprofile\.m2\repository\org\seleniumhq\selenium\selenium-http\4.5.0\selenium-http-4.5.0.jar;C:\WINDOWS\system32\config\systemprofile\.m2\repository\dev\failsafe\failsafe\3.2.4\failsafe-3.2.4.jar;C:\WINDOWS\system32\config\systemprofile\.m2\repository\org\apache\poi\poi-ooxml\5.2.3\poi-ooxml-5.2.3.jar;C:\WINDOWS\system32\config\systemprofile\.m2\repository\org\apache\poi\poi-ooxml-lite\5.2.3\poi-ooxml-lite-5.2.3.jar;C:\WINDOWS\system32\config\systemprofile\.m2\repository\org\apache\xmlbeans\xmlbeans\5.1.1\xmlbeans-5.1.1.jar;C:\WINDOWS\system32\config\systemprofile\.m2\repository\org\apache\commons\commons-compress\1.21\commons-compress-1.21.jar;C:\WINDOWS\system32\config\systemprofile\.m2\repository\com\github\virtuald\curvesapi\1.07\curvesapi-1.07.jar;C:\WINDOWS\system32\config\systemprofile\.m2\repository\org\apache\commons\commons-collections4\4.4\commons-collections4-4.4.jar;C:\WINDOWS\system32\config\systemprofile\.m2\repository\org\apache\poi\poi\5.2.3\poi-5.2.3.jar;C:\WINDOWS\system32\config\systemprofile\.m2\repository\commons-codec\commons-codec\1.15\commons-codec-1.15.jar;C:\WINDOWS\system32\config\systemprofile\.m2\repository\org\apache\commons\commons-math3\3.6.1\commons-math3-3.6.1.jar;C:\WINDOWS\system32\config\systemprofile\.m2\repository\com\zaxxer\SparseBitSet\1.2\SparseBitSet-1.2.jar;C:\WINDOWS\system32\config\systemprofile\.m2\repository\commons-io\commons-io\2.11.0\commons-io-2.11.0.jar;C:\WINDOWS\system32\config\systemprofile\.m2\repository\org\projectlombok\lombok\1.18.20\lombok-1.18.20.jar;C:\WINDOWS\system32\config\systemprofile\.m2\repository\tech\grasshopper\extentreports-cucumber7-adapter\1.10.0\extentreports-cucumber7-adapter-1.10.0.jar;C:\WINDOWS\system32\config\systemprofile\.m2\repository\tech\grasshopper\extent-pdf-report\2.9.1\extent-pdf-report-2.9.1.jar;C:\WINDOWS\system32\config\systemprofile\.m2\repository\tech\grasshopper\cucumber-pdf-report\2.11.1\cucumber-pdf-report-2.11.1.jar;C:\WINDOWS\system32\config\systemprofile\.m2\repository\org\apache\pdfbox\pdfbox\2.0.26\pdfbox-2.0.26.jar;C:\WINDOWS\system32\config\systemprofile\.m2\repository\org\apache\pdfbox\fontbox\2.0.26\fontbox-2.0.26.jar;C:\WINDOWS\system32\config\systemprofile\.m2\repository\org\knowm\xchart\xchart\3.8.0\xchart-3.8.0.jar;C:\WINDOWS\system32\config\systemprofile\.m2\repository\de\erichseifert\vectorgraphics2d\VectorGraphics2D\0.13\VectorGraphics2D-0.13.jar;C:\WINDOWS\system32\config\systemprofile\.m2\repository\de\rototor\pdfbox\graphics2d\0.30\graphics2d-0.30.jar;C:\WINDOWS\system32\config\systemprofile\.m2\repository\com\madgag\animated-gif-lib\1.4\animated-gif-lib-1.4.jar;C:\WINDOWS\system32\config\systemprofile\.m2\repository\org\yaml\snakeyaml\1.28\snakeyaml-1.28.jar;C:\WINDOWS\system32\config\systemprofile\.m2\repository\tech\grasshopper\table-layout\1.5.1\table-layout-1.5.1.jar;C:\WINDOWS\system32\config\systemprofile\.m2\repository\tech\grasshopper\rest-assured-cucumber-pdf-report\1.4.1\rest-assured-cucumber-pdf-report-1.4.1.jar;C:\WINDOWS\system32\config\systemprofile\.m2\repository\org\jsoup\jsoup\1.15.3\jsoup-1.15.3.jar;C:\WINDOWS\system32\config\systemprofile\.m2\repository\com\aventstack\klov-reporter\5.0.9\klov-reporter-5.0.9.jar;C:\WINDOWS\system32\config\systemprofile\.m2\repository\org\mongodb\mongodb-driver\3.6.4\mongodb-driver-3.6.4.jar;C:\WINDOWS\system32\config\systemprofile\.m2\repository\org\mongodb\mongodb-driver-core\3.6.4\mongodb-driver-core-3.6.4.jar;C:\WINDOWS\system32\config\systemprofile\.m2\repository\org\mongodb\bson\3.6.4\bson-3.6.4.jar;C:\WINDOWS\system32\config\systemprofile\.m2\repository\org\apache\httpcomponents\httpclient\4.5.13\httpclient-4.5.13.jar;C:\WINDOWS\system32\config\systemprofile\.m2\repository\org\apache\httpcomponents\httpcore\4.4.13\httpcore-4.4.13.jar;C:\WINDOWS\system32\config\systemprofile\.m2\repository\commons-logging\commons-logging\1.2\commons-logging-1.2.jar;C:\WINDOWS\system32\config\systemprofile\.m2\repository\org\apache\httpcomponents\httpmime\4.5.13\httpmime-4.5.13.jar;C:\WINDOWS\system32\config\systemprofile\.m2\repository\tech\grasshopper\htmlextentreporter\1.0.1\htmlextentreporter-1.0.1.jar;C:\WINDOWS\system32\config\systemprofile\.m2\repository\tech\grasshopper\extent-excel-report\1.2.0\extent-excel-report-1.2.0.jar;C:\WINDOWS\system32\config\systemprofile\.m2\repository\com\aventstack\extentreports\5.0.9\extentreports-5.0.9.jar;C:\WINDOWS\system32\config\systemprofile\.m2\repository\io\reactivex\rxjava3\rxjava\3.0.4\rxjava-3.0.4.jar;C:\WINDOWS\system32\config\systemprofile\.m2\repository\org\reactivestreams\reactive-streams\1.0.3\reactive-streams-1.0.3.jar;C:\WINDOWS\system32\config\systemprofile\.m2\repository\org\freemarker\freemarker\2.3.30\freemarker-2.3.30.jar;"/>
    <property name="java.vm.vendor" value="Oracle Corporation"/>
    <property name="sun.arch.data.model" value="64"/>
    <property name="user.variant" value=""/>
    <property name="java.vendor.url" value="https://java.oracle.com/"/>
    <property name="user.timezone" value="America/New_York"/>
    <property name="os.name" value="Windows 11"/>
    <property name="java.vm.specification.version" value="17"/>
    <property name="sun.java.launcher" value="SUN_STANDARD"/>
    <property name="user.country" value="US"/>
    <property name="sun.boot.library.path" value="C:\Program Files\Java\jdk-17\bin"/>
    <property name="sun.java.command" value="C:\Windows\Temp\surefire14776219815758782579\surefirebooter6322265247225684228.jar C:\Windows\Temp\surefire14776219815758782579 2023-03-29T16-46-40_448-jvmRun1 surefire18332556159347178790tmp surefire_06127586694570375398tmp"/>
    <property name="jdk.debug" value="release"/>
    <property name="surefire.test.class.path" value="C:\Users\janga\eclipse-workspace\DSAlgosample\target\test-classes;C:\Users\janga\eclipse-workspace\DSAlgosample\target\classes;C:\WINDOWS\system32\config\systemprofile\.m2\repository\io\cucumber\cucumber-java\7.11.1\cucumber-java-7.11.1.jar;C:\WINDOWS\system32\config\systemprofile\.m2\repository\io\cucumber\cucumber-core\7.11.1\cucumber-core-7.11.1.jar;C:\WINDOWS\system32\config\systemprofile\.m2\repository\io\cucumber\cucumber-gherkin\7.11.1\cucumber-gherkin-7.11.1.jar;C:\WINDOWS\system32\config\systemprofile\.m2\repository\io\cucumber\cucumber-gherkin-messages\7.11.1\cucumber-gherkin-messages-7.11.1.jar;C:\WINDOWS\system32\config\systemprofile\.m2\repository\io\cucumber\tag-expressions\5.0.1\tag-expressions-5.0.1.jar;C:\WINDOWS\system32\config\systemprofile\.m2\repository\io\cucumber\cucumber-expressions\16.1.2\cucumber-expressions-16.1.2.jar;C:\WINDOWS\system32\config\systemprofile\.m2\repository\io\cucumber\datatable\7.11.1\datatable-7.11.1.jar;C:\WINDOWS\system32\config\systemprofile\.m2\repository\io\cucumber\cucumber-plugin\7.11.1\cucumber-plugin-7.11.1.jar;C:\WINDOWS\system32\config\systemprofile\.m2\repository\io\cucumber\docstring\7.11.1\docstring-7.11.1.jar;C:\WINDOWS\system32\config\systemprofile\.m2\repository\io\cucumber\html-formatter\20.2.1\html-formatter-20.2.1.jar;C:\WINDOWS\system32\config\systemprofile\.m2\repository\io\cucumber\junit-xml-formatter\0.1.0\junit-xml-formatter-0.1.0.jar;C:\WINDOWS\system32\config\systemprofile\.m2\repository\io\cucumber\ci-environment\9.1.0\ci-environment-9.1.0.jar;C:\WINDOWS\system32\config\systemprofile\.m2\repository\org\apiguardian\apiguardian-api\1.1.2\apiguardian-api-1.1.2.jar;C:\WINDOWS\system32\config\systemprofile\.m2\repository\org\seleniumhq\selenium\selenium-java\4.8.1\selenium-java-4.8.1.jar;C:\WINDOWS\system32\config\systemprofile\.m2\repository\org\seleniumhq\selenium\selenium-api\4.8.1\selenium-api-4.8.1.jar;C:\WINDOWS\system32\config\systemprofile\.m2\repository\org\seleniumhq\selenium\selenium-chrome-driver\4.8.1\selenium-chrome-driver-4.8.1.jar;C:\WINDOWS\system32\config\systemprofile\.m2\repository\com\google\guava\guava\31.1-jre\guava-31.1-jre.jar;C:\WINDOWS\system32\config\systemprofile\.m2\repository\com\google\guava\failureaccess\1.0.1\failureaccess-1.0.1.jar;C:\WINDOWS\system32\config\systemprofile\.m2\repository\com\google\guava\listenablefuture\9999.0-empty-to-avoid-conflict-with-guava\listenablefuture-9999.0-empty-to-avoid-conflict-with-guava.jar;C:\WINDOWS\system32\config\systemprofile\.m2\repository\com\google\code\findbugs\jsr305\3.0.2\jsr305-3.0.2.jar;C:\WINDOWS\system32\config\systemprofile\.m2\repository\org\checkerframework\checker-qual\3.12.0\checker-qual-3.12.0.jar;C:\WINDOWS\system32\config\systemprofile\.m2\repository\com\google\errorprone\error_prone_annotations\2.11.0\error_prone_annotations-2.11.0.jar;C:\WINDOWS\system32\config\systemprofile\.m2\repository\com\google\j2objc\j2objc-annotations\1.3\j2objc-annotations-1.3.jar;C:\WINDOWS\system32\config\systemprofile\.m2\repository\org\seleniumhq\selenium\selenium-chromium-driver\4.8.1\selenium-chromium-driver-4.8.1.jar;C:\WINDOWS\system32\config\systemprofile\.m2\repository\org\seleniumhq\selenium\selenium-json\4.8.1\selenium-json-4.8.1.jar;C:\WINDOWS\system32\config\systemprofile\.m2\repository\org\seleniumhq\selenium\selenium-devtools-v108\4.8.1\selenium-devtools-v108-4.8.1.jar;C:\WINDOWS\system32\config\systemprofile\.m2\repository\org\seleniumhq\selenium\selenium-devtools-v109\4.8.1\selenium-devtools-v109-4.8.1.jar;C:\WINDOWS\system32\config\systemprofile\.m2\repository\org\seleniumhq\selenium\selenium-devtools-v110\4.8.1\selenium-devtools-v110-4.8.1.jar;C:\WINDOWS\system32\config\systemprofile\.m2\repository\org\seleniumhq\selenium\selenium-devtools-v85\4.8.1\selenium-devtools-v85-4.8.1.jar;C:\WINDOWS\system32\config\systemprofile\.m2\repository\org\seleniumhq\selenium\selenium-edge-driver\4.8.1\selenium-edge-driver-4.8.1.jar;C:\WINDOWS\system32\config\systemprofile\.m2\repository\org\seleniumhq\selenium\selenium-firefox-driver\4.8.1\selenium-firefox-driver-4.8.1.jar;C:\WINDOWS\system32\config\systemprofile\.m2\repository\org\seleniumhq\selenium\selenium-ie-driver\4.8.1\selenium-ie-driver-4.8.1.jar;C:\WINDOWS\system32\config\systemprofile\.m2\repository\org\seleniumhq\selenium\selenium-remote-driver\4.8.1\selenium-remote-driver-4.8.1.jar;C:\WINDOWS\system32\config\systemprofile\.m2\repository\io\netty\netty-buffer\4.1.87.Final\netty-buffer-4.1.87.Final.jar;C:\WINDOWS\system32\config\systemprofile\.m2\repository\io\netty\netty-codec-http\4.1.87.Final\netty-codec-http-4.1.87.Final.jar;C:\WINDOWS\system32\config\systemprofile\.m2\repository\io\netty\netty-codec\4.1.87.Final\netty-codec-4.1.87.Final.jar;C:\WINDOWS\system32\config\systemprofile\.m2\repository\io\netty\netty-handler\4.1.87.Final\netty-handler-4.1.87.Final.jar;C:\WINDOWS\system32\config\systemprofile\.m2\repository\io\netty\netty-common\4.1.87.Final\netty-common-4.1.87.Final.jar;C:\WINDOWS\system32\config\systemprofile\.m2\repository\io\netty\netty-transport-classes-epoll\4.1.87.Final\netty-transport-classes-epoll-4.1.87.Final.jar;C:\WINDOWS\system32\config\systemprofile\.m2\repository\io\netty\netty-transport-classes-kqueue\4.1.87.Final\netty-transport-classes-kqueue-4.1.87.Final.jar;C:\WINDOWS\system32\config\systemprofile\.m2\repository\io\netty\netty-transport-native-epoll\4.1.87.Final\netty-transport-native-epoll-4.1.87.Final.jar;C:\WINDOWS\system32\config\systemprofile\.m2\repository\io\netty\netty-transport-native-kqueue\4.1.87.Final\netty-transport-native-kqueue-4.1.87.Final.jar;C:\WINDOWS\system32\config\systemprofile\.m2\repository\io\netty\netty-transport-native-unix-common\4.1.87.Final\netty-transport-native-unix-common-4.1.87.Final.jar;C:\WINDOWS\system32\config\systemprofile\.m2\repository\io\netty\netty-transport\4.1.87.Final\netty-transport-4.1.87.Final.jar;C:\WINDOWS\system32\config\systemprofile\.m2\repository\io\netty\netty-resolver\4.1.87.Final\netty-resolver-4.1.87.Final.jar;C:\WINDOWS\system32\config\systemprofile\.m2\repository\io\opentelemetry\opentelemetry-api\1.22.0\opentelemetry-api-1.22.0.jar;C:\WINDOWS\system32\config\systemprofile\.m2\repository\io\opentelemetry\opentelemetry-context\1.22.0\opentelemetry-context-1.22.0.jar;C:\WINDOWS\system32\config\systemprofile\.m2\repository\io\opentelemetry\opentelemetry-exporter-logging\1.22.0\opentelemetry-exporter-logging-1.22.0.jar;C:\WINDOWS\system32\config\systemprofile\.m2\repository\io\opentelemetry\opentelemetry-sdk-metrics\1.22.0\opentelemetry-sdk-metrics-1.22.0.jar;C:\WINDOWS\system32\config\systemprofile\.m2\repository\io\opentelemetry\opentelemetry-sdk-logs\1.22.0-alpha\opentelemetry-sdk-logs-1.22.0-alpha.jar;C:\WINDOWS\system32\config\systemprofile\.m2\repository\io\opentelemetry\opentelemetry-api-logs\1.22.0-alpha\opentelemetry-api-logs-1.22.0-alpha.jar;C:\WINDOWS\system32\config\systemprofile\.m2\repository\io\opentelemetry\opentelemetry-sdk-common\1.22.0\opentelemetry-sdk-common-1.22.0.jar;C:\WINDOWS\system32\config\systemprofile\.m2\repository\io\opentelemetry\opentelemetry-sdk-extension-autoconfigure-spi\1.22.0\opentelemetry-sdk-extension-autoconfigure-spi-1.22.0.jar;C:\WINDOWS\system32\config\systemprofile\.m2\repository\io\opentelemetry\opentelemetry-sdk-extension-autoconfigure\1.22.0-alpha\opentelemetry-sdk-extension-autoconfigure-1.22.0-alpha.jar;C:\WINDOWS\system32\config\systemprofile\.m2\repository\io\opentelemetry\opentelemetry-sdk-trace\1.22.0\opentelemetry-sdk-trace-1.22.0.jar;C:\WINDOWS\system32\config\systemprofile\.m2\repository\io\opentelemetry\opentelemetry-sdk\1.22.0\opentelemetry-sdk-1.22.0.jar;C:\WINDOWS\system32\config\systemprofile\.m2\repository\io\opentelemetry\opentelemetry-semconv\1.22.0-alpha\opentelemetry-semconv-1.22.0-alpha.jar;C:\WINDOWS\system32\config\systemprofile\.m2\repository\io\ous\jtoml\2.0.0\jtoml-2.0.0.jar;C:\WINDOWS\system32\config\systemprofile\.m2\repository\net\bytebuddy\byte-buddy\1.12.22\byte-buddy-1.12.22.jar;C:\WINDOWS\system32\config\systemprofile\.m2\repository\org\apache\commons\commons-exec\1.3\commons-exec-1.3.jar;C:\WINDOWS\system32\config\systemprofile\.m2\repository\org\asynchttpclient\async-http-client\2.12.3\async-http-client-2.12.3.jar;C:\WINDOWS\system32\config\systemprofile\.m2\repository\org\asynchttpclient\async-http-client-netty-utils\2.12.3\async-http-client-netty-utils-2.12.3.jar;C:\WINDOWS\system32\config\systemprofile\.m2\repository\io\netty\netty-codec-socks\4.1.60.Final\netty-codec-socks-4.1.60.Final.jar;C:\WINDOWS\system32\config\systemprofile\.m2\repository\io\netty\netty-handler-proxy\4.1.60.Final\netty-handler-proxy-4.1.60.Final.jar;C:\WINDOWS\system32\config\systemprofile\.m2\repository\io\netty\netty-transport-native-epoll\4.1.60.Final\netty-transport-native-epoll-4.1.60.Final-linux-x86_64.jar;C:\WINDOWS\system32\config\systemprofile\.m2\repository\io\netty\netty-transport-native-kqueue\4.1.60.Final\netty-transport-native-kqueue-4.1.60.Final-osx-x86_64.jar;C:\WINDOWS\system32\config\systemprofile\.m2\repository\com\typesafe\netty\netty-reactive-streams\2.0.4\netty-reactive-streams-2.0.4.jar;C:\WINDOWS\system32\config\systemprofile\.m2\repository\com\sun\activation\jakarta.activation\1.2.2\jakarta.activation-1.2.2.jar;C:\WINDOWS\system32\config\systemprofile\.m2\repository\org\seleniumhq\selenium\selenium-manager\4.8.1\selenium-manager-4.8.1.jar;C:\WINDOWS\system32\config\systemprofile\.m2\repository\org\seleniumhq\selenium\selenium-safari-driver\4.8.1\selenium-safari-driver-4.8.1.jar;C:\WINDOWS\system32\config\systemprofile\.m2\repository\org\seleniumhq\selenium\selenium-support\4.8.1\selenium-support-4.8.1.jar;C:\WINDOWS\system32\config\systemprofile\.m2\repository\io\github\bonigarcia\webdrivermanager\5.3.2\webdrivermanager-5.3.2.jar;C:\WINDOWS\system32\config\systemprofile\.m2\repository\org\slf4j\slf4j-api\2.0.6\slf4j-api-2.0.6.jar;C:\WINDOWS\system32\config\systemprofile\.m2\repository\com\google\code\gson\gson\2.10.1\gson-2.10.1.jar;C:\WINDOWS\system32\config\systemprofile\.m2\repository\com\github\docker-java\docker-java\3.2.14\docker-java-3.2.14.jar;C:\WINDOWS\system32\config\systemprofile\.m2\repository\com\github\docker-java\docker-java-core\3.2.14\docker-java-core-3.2.14.jar;C:\WINDOWS\system32\config\systemprofile\.m2\repository\com\github\docker-java\docker-java-api\3.2.14\docker-java-api-3.2.14.jar;C:\WINDOWS\system32\config\systemprofile\.m2\repository\com\fasterxml\jackson\core\jackson-annotations\2.10.3\jackson-annotations-2.10.3.jar;C:\WINDOWS\system32\config\systemprofile\.m2\repository\com\fasterxml\jackson\core\jackson-databind\2.10.3\jackson-databind-2.10.3.jar;C:\WINDOWS\system32\config\systemprofile\.m2\repository\com\fasterxml\jackson\core\jackson-core\2.10.3\jackson-core-2.10.3.jar;C:\WINDOWS\system32\config\systemprofile\.m2\repository\org\bouncycastle\bcpkix-jdk15on\1.64\bcpkix-jdk15on-1.64.jar;C:\WINDOWS\system32\config\systemprofile\.m2\repository\org\bouncycastle\bcprov-jdk15on\1.64\bcprov-jdk15on-1.64.jar;C:\WINDOWS\system32\config\systemprofile\.m2\repository\org\slf4j\jcl-over-slf4j\1.7.30\jcl-over-slf4j-1.7.30.jar;C:\WINDOWS\system32\config\systemprofile\.m2\repository\com\github\docker-java\docker-java-transport-httpclient5\3.2.14\docker-java-transport-httpclient5-3.2.14.jar;C:\WINDOWS\system32\config\systemprofile\.m2\repository\com\github\docker-java\docker-java-transport\3.2.14\docker-java-transport-3.2.14.jar;C:\WINDOWS\system32\config\systemprofile\.m2\repository\net\java\dev\jna\jna\5.12.1\jna-5.12.1.jar;C:\WINDOWS\system32\config\systemprofile\.m2\repository\org\brotli\dec\0.1.2\dec-0.1.2.jar;C:\WINDOWS\system32\config\systemprofile\.m2\repository\org\apache\commons\commons-lang3\3.12.0\commons-lang3-3.12.0.jar;C:\WINDOWS\system32\config\systemprofile\.m2\repository\org\apache\httpcomponents\client5\httpclient5\5.2.1\httpclient5-5.2.1.jar;C:\WINDOWS\system32\config\systemprofile\.m2\repository\org\apache\httpcomponents\core5\httpcore5\5.2\httpcore5-5.2.jar;C:\WINDOWS\system32\config\systemprofile\.m2\repository\org\apache\httpcomponents\core5\httpcore5-h2\5.2\httpcore5-h2-5.2.jar;C:\WINDOWS\system32\config\systemprofile\.m2\repository\junit\junit\4.13.2\junit-4.13.2.jar;C:\WINDOWS\system32\config\systemprofile\.m2\repository\org\hamcrest\hamcrest-core\1.3\hamcrest-core-1.3.jar;C:\WINDOWS\system32\config\systemprofile\.m2\repository\io\cucumber\cucumber-junit\7.11.1\cucumber-junit-7.11.1.jar;C:\WINDOWS\system32\config\systemprofile\.m2\repository\io\qameta\allure\allure-cucumber7-jvm\2.20.1\allure-cucumber7-jvm-2.20.1.jar;C:\WINDOWS\system32\config\systemprofile\.m2\repository\io\qameta\allure\allure-java-commons\2.20.1\allure-java-commons-2.20.1.jar;C:\WINDOWS\system32\config\systemprofile\.m2\repository\io\qameta\allure\allure-model\2.20.1\allure-model-2.20.1.jar;C:\WINDOWS\system32\config\systemprofile\.m2\repository\io\cucumber\gherkin\26.0.3\gherkin-26.0.3.jar;C:\WINDOWS\system32\config\systemprofile\.m2\repository\io\cucumber\messages\21.0.1\messages-21.0.1.jar;C:\WINDOWS\system32\config\systemprofile\.m2\repository\org\testng\testng\7.7.1\testng-7.7.1.jar;C:\WINDOWS\system32\config\systemprofile\.m2\repository\com\beust\jcommander\1.82\jcommander-1.82.jar;C:\WINDOWS\system32\config\systemprofile\.m2\repository\org\webjars\jquery\3.6.1\jquery-3.6.1.jar;C:\WINDOWS\system32\config\systemprofile\.m2\repository\io\cucumber\cucumber-testng\7.2.3\cucumber-testng-7.2.3.jar;C:\WINDOWS\system32\config\systemprofile\.m2\repository\org\apache\logging\log4j\log4j-core\2.20.0\log4j-core-2.20.0.jar;C:\WINDOWS\system32\config\systemprofile\.m2\repository\org\apache\logging\log4j\log4j-api\2.20.0\log4j-api-2.20.0.jar;C:\WINDOWS\system32\config\systemprofile\.m2\repository\org\seleniumhq\selenium\selenium-http-jdk-client\4.5.0\selenium-http-jdk-client-4.5.0.jar;C:\WINDOWS\system32\config\systemprofile\.m2\repository\com\google\auto\service\auto-service-annotations\1.0.1\auto-service-annotations-1.0.1.jar;C:\WINDOWS\system32\config\systemprofile\.m2\repository\com\google\auto\service\auto-service\1.0.1\auto-service-1.0.1.jar;C:\WINDOWS\system32\config\systemprofile\.m2\repository\com\google\auto\auto-common\1.2\auto-common-1.2.jar;C:\WINDOWS\system32\config\systemprofile\.m2\repository\org\seleniumhq\selenium\selenium-http\4.5.0\selenium-http-4.5.0.jar;C:\WINDOWS\system32\config\systemprofile\.m2\repository\dev\failsafe\failsafe\3.2.4\failsafe-3.2.4.jar;C:\WINDOWS\system32\config\systemprofile\.m2\repository\org\apache\poi\poi-ooxml\5.2.3\poi-ooxml-5.2.3.jar;C:\WINDOWS\system32\config\systemprofile\.m2\repository\org\apache\poi\poi-ooxml-lite\5.2.3\poi-ooxml-lite-5.2.3.jar;C:\WINDOWS\system32\config\systemprofile\.m2\repository\org\apache\xmlbeans\xmlbeans\5.1.1\xmlbeans-5.1.1.jar;C:\WINDOWS\system32\config\systemprofile\.m2\repository\org\apache\commons\commons-compress\1.21\commons-compress-1.21.jar;C:\WINDOWS\system32\config\systemprofile\.m2\repository\com\github\virtuald\curvesapi\1.07\curvesapi-1.07.jar;C:\WINDOWS\system32\config\systemprofile\.m2\repository\org\apache\commons\commons-collections4\4.4\commons-collections4-4.4.jar;C:\WINDOWS\system32\config\systemprofile\.m2\repository\org\apache\poi\poi\5.2.3\poi-5.2.3.jar;C:\WINDOWS\system32\config\systemprofile\.m2\repository\commons-codec\commons-codec\1.15\commons-codec-1.15.jar;C:\WINDOWS\system32\config\systemprofile\.m2\repository\org\apache\commons\commons-math3\3.6.1\commons-math3-3.6.1.jar;C:\WINDOWS\system32\config\systemprofile\.m2\repository\com\zaxxer\SparseBitSet\1.2\SparseBitSet-1.2.jar;C:\WINDOWS\system32\config\systemprofile\.m2\repository\commons-io\commons-io\2.11.0\commons-io-2.11.0.jar;C:\WINDOWS\system32\config\systemprofile\.m2\repository\org\projectlombok\lombok\1.18.20\lombok-1.18.20.jar;C:\WINDOWS\system32\config\systemprofile\.m2\repository\tech\grasshopper\extentreports-cucumber7-adapter\1.10.0\extentreports-cucumber7-adapter-1.10.0.jar;C:\WINDOWS\system32\config\systemprofile\.m2\repository\tech\grasshopper\extent-pdf-report\2.9.1\extent-pdf-report-2.9.1.jar;C:\WINDOWS\system32\config\systemprofile\.m2\repository\tech\grasshopper\cucumber-pdf-report\2.11.1\cucumber-pdf-report-2.11.1.jar;C:\WINDOWS\system32\config\systemprofile\.m2\repository\org\apache\pdfbox\pdfbox\2.0.26\pdfbox-2.0.26.jar;C:\WINDOWS\system32\config\systemprofile\.m2\repository\org\apache\pdfbox\fontbox\2.0.26\fontbox-2.0.26.jar;C:\WINDOWS\system32\config\systemprofile\.m2\repository\org\knowm\xchart\xchart\3.8.0\xchart-3.8.0.jar;C:\WINDOWS\system32\config\systemprofile\.m2\repository\de\erichseifert\vectorgraphics2d\VectorGraphics2D\0.13\VectorGraphics2D-0.13.jar;C:\WINDOWS\system32\config\systemprofile\.m2\repository\de\rototor\pdfbox\graphics2d\0.30\graphics2d-0.30.jar;C:\WINDOWS\system32\config\systemprofile\.m2\repository\com\madgag\animated-gif-lib\1.4\animated-gif-lib-1.4.jar;C:\WINDOWS\system32\config\systemprofile\.m2\repository\org\yaml\snakeyaml\1.28\snakeyaml-1.28.jar;C:\WINDOWS\system32\config\systemprofile\.m2\repository\tech\grasshopper\table-layout\1.5.1\table-layout-1.5.1.jar;C:\WINDOWS\system32\config\systemprofile\.m2\repository\tech\grasshopper\rest-assured-cucumber-pdf-report\1.4.1\rest-assured-cucumber-pdf-report-1.4.1.jar;C:\WINDOWS\system32\config\systemprofile\.m2\repository\org\jsoup\jsoup\1.15.3\jsoup-1.15.3.jar;C:\WINDOWS\system32\config\systemprofile\.m2\repository\com\aventstack\klov-reporter\5.0.9\klov-reporter-5.0.9.jar;C:\WINDOWS\system32\config\systemprofile\.m2\repository\org\mongodb\mongodb-driver\3.6.4\mongodb-driver-3.6.4.jar;C:\WINDOWS\system32\config\systemprofile\.m2\repository\org\mongodb\mongodb-driver-core\3.6.4\mongodb-driver-core-3.6.4.jar;C:\WINDOWS\system32\config\systemprofile\.m2\repository\org\mongodb\bson\3.6.4\bson-3.6.4.jar;C:\WINDOWS\system32\config\systemprofile\.m2\repository\org\apache\httpcomponents\httpclient\4.5.13\httpclient-4.5.13.jar;C:\WINDOWS\system32\config\systemprofile\.m2\repository\org\apache\httpcomponents\httpcore\4.4.13\httpcore-4.4.13.jar;C:\WINDOWS\system32\config\systemprofile\.m2\repository\commons-logging\commons-logging\1.2\commons-logging-1.2.jar;C:\WINDOWS\system32\config\systemprofile\.m2\repository\org\apache\httpcomponents\httpmime\4.5.13\httpmime-4.5.13.jar;C:\WINDOWS\system32\config\systemprofile\.m2\repository\tech\grasshopper\htmlextentreporter\1.0.1\htmlextentreporter-1.0.1.jar;C:\WINDOWS\system32\config\systemprofile\.m2\repository\tech\grasshopper\extent-excel-report\1.2.0\extent-excel-report-1.2.0.jar;C:\WINDOWS\system32\config\systemprofile\.m2\repository\com\aventstack\extentreports\5.0.9\extentreports-5.0.9.jar;C:\WINDOWS\system32\config\systemprofile\.m2\repository\io\reactivex\rxjava3\rxjava\3.0.4\rxjava-3.0.4.jar;C:\WINDOWS\system32\config\systemprofile\.m2\repository\org\reactivestreams\reactive-streams\1.0.3\reactive-streams-1.0.3.jar;C:\WINDOWS\system32\config\systemprofile\.m2\repository\org\freemarker\freemarker\2.3.30\freemarker-2.3.30.jar;"/>
    <property name="sun.cpu.endian" value="little"/>
    <property name="user.home" value="C:\WINDOWS\system32\config\systemprofile"/>
    <property name="user.language" value="en"/>
    <property name="java.specification.vendor" value="Oracle Corporation"/>
    <property name="java.version.date" value="2023-01-17"/>
    <property name="java.home" value="C:\Program Files\Java\jdk-17"/>
    <property name="file.separator" value="\"/>
    <property name="basedir" value="C:\Users\janga\eclipse-workspace\DSAlgosample"/>
    <property name="java.vm.compressedOopsMode" value="32-bit"/>
    <property name="line.separator" value="&#10;"/>
    <property name="java.vm.specification.vendor" value="Oracle Corporation"/>
    <property name="java.specification.name" value="Java Platform API Specification"/>
    <property name="surefire.real.class.path" value="C:\Windows\Temp\surefire14776219815758782579\surefirebooter6322265247225684228.jar"/>
    <property name="user.script" value=""/>
    <property name="sun.management.compiler" value="HotSpot 64-Bit Tiered Compilers"/>
    <property name="java.runtime.version" value="17.0.6+9-LTS-190"/>
    <property name="user.name" value="DESKTOP-RGL4EEL$"/>
    <property name="path.separator" value=";"/>
    <property name="os.version" value="10.0"/>
    <property name="java.runtime.name" value="Java(TM) SE Runtime Environment"/>
    <property name="file.encoding" value="Cp1252"/>
    <property name="java.vm.name" value="Java HotSpot(TM) 64-Bit Server VM"/>
    <property name="localRepository" value="C:\WINDOWS\system32\config\systemprofile\.m2\repository"/>
    <property name="java.vendor.url.bug" value="https://bugreport.java.com/bugreport/"/>
    <property name="java.io.tmpdir" value="C:\WINDOWS\TEMP\"/>
    <property name="java.version" value="17.0.6"/>
    <property name="user.dir" value="C:\Users\janga\eclipse-workspace\DSAlgosample"/>
    <property name="os.arch" value="amd64"/>
    <property name="java.vm.specification.name" value="Java Virtual Machine Specification"/>
    <property name="sun.os.patch.level" value=""/>
    <property name="native.encoding" value="Cp1252"/>
    <property name="java.library.path" value="C:\Program Files\Java\jdk-17\bin;C:\WINDOWS\Sun\Java\bin;C:\WINDOWS\system32;C:\WINDOWS;C:\Program Files\apache-maven-3.8.7/bin;C:\Program Files\Java\jdk-17/bin;C:\Program Files\Java\jdk-17/bin;C:\Program Files\apache-maven-3.8.7\bin;C:\Program Files\Java\jdk-17\bin;C:\Program Files\allure-2.10.0\bin;C:\Program Files\Common Files\Oracle\Java\javapath;C:\Program Files (x86)\Common Files\Oracle\Java\javapath;C:\WINDOWS\system32;C:\WINDOWS;C:\WINDOWS\System32\Wbem;C:\WINDOWS\System32\WindowsPowerShell\v1.0\;C:\WINDOWS\System32\OpenSSH\;C:\Program Files (x86)\IVI Foundation\VISA\WinNT\Bin;C:\Program Files\xLights;C:\Program Files (x86)\Microsoft SQL Server\160\Tools\Binn\;C:\Program Files\Microsoft SQL Server\160\Tools\Binn\;C:\Program Files\Microsoft SQL Server\Client SDK\ODBC\170\Tools\Binn\;C:\Program Files\Microsoft SQL Server\160\DTS\Binn\;C:\Program Files (x86)\Microsoft SQL Server\150\DTS\Binn\;C:\Program Files\nodejs\;C:\Program Files\Git\cmd;C:\WINDOWS\system32\config\systemprofile\AppData\Local\Microsoft\WindowsApps;."/>
    <property name="java.vm.info" value="mixed mode, sharing"/>
    <property name="java.vendor" value="Oracle Corporation"/>
    <property name="java.vm.version" value="17.0.6+9-LTS-190"/>
    <property name="sun.io.unicode.encoding" value="UnicodeLittle"/>
    <property name="java.class.version" value="61.0"/>
    <property name="webdriver.http.factory" value="jdk-http-client"/>
  </properties>
  <testcase name="runScenario[&quot;validation of Start Page&quot;, &quot;Optional[Get Started page]&quot;](1)" classname="com.Runner.Testrunnertestng" time="8.886">
    <system-out><![CDATA[[INFO ] 2023-03-29 16:46:42.983 [main] Loggerload - Loading Config file
[INFO ] 2023-03-29 16:46:42.988 [main] Loggerload - Get property BrowserType
[INFO ] 2023-03-29 16:46:42.990 [main] Loggerload - Initializing driver for : chrome
[INFO ] 2023-03-29 16:46:43.128 [main] Loggerload - ===============================================================================================
[INFO ] 2023-03-29 16:46:43.129 [main] Loggerload - [@getstarted] : validation of Start Page
[INFO ] 2023-03-29 16:46:43.129 [main] Loggerload - -----------------------------------------------------------------------------------------------
[INFO ] 2023-03-29 16:46:47.877 [main] Loggerload - click on getStartedPage Get Started button
[INFO ] 2023-03-29 16:46:49.437 [main] Loggerload - click on getStartedPage Data Structures button
]]></system-out>
    <system-err><![CDATA[SLF4J: No SLF4J providers were found.
SLF4J: Defaulting to no-operation (NOP) logger implementation
SLF4J: See https://www.slf4j.org/codes.html#noProviders for further details.
Starting ChromeDriver 111.0.5563.64 (c710e93d5b63b7095afe8c2c17df34408078439d-refs/branch-heads/5563@{#995}) on port 8797
Only local connections are allowed.
Please see https://chromedriver.chromium.org/security-considerations for suggestions on keeping ChromeDriver safe.
ChromeDriver was started successfully.
Mar 29, 2023 4:46:45 PM org.openqa.selenium.devtools.CdpVersionFinder findNearestMatch
WARNING: Unable to find an exact match for CDP version 111, so returning the closest version found: 110
]]></system-err>
  </testcase>
  <testcase name="runScenario[&quot;Register validation with valid inputs&quot;, &quot;Optional[Register]&quot;](2)" classname="com.Runner.Testrunnertestng" time="4.589">
    <failure message="expected [true] but found [false]" type="java.lang.AssertionError"><![CDATA[java.lang.AssertionError: expected [true] but found [false]
]]></failure>
    <system-out><![CDATA[[INFO ] 2023-03-29 16:46:51.910 [main] Loggerload - ===============================================================================================
[INFO ] 2023-03-29 16:46:51.910 [main] Loggerload - [@register, @register_001] : Register validation with valid inputs
[INFO ] 2023-03-29 16:46:51.910 [main] Loggerload - -----------------------------------------------------------------------------------------------
[INFO ] 2023-03-29 16:46:54.023 [main] Loggerload - click on getStartedPage Get Started button
[INFO ] 2023-03-29 16:46:54.207 [main] Loggerload - click on RegisterPage Register link
[INFO ] 2023-03-29 16:46:54.412 [main] Loggerload - sending keys on RegisterPage  text field
[INFO ] 2023-03-29 16:46:54.561 [main] Loggerload - sending keys on RegisterPage  text field
[INFO ] 2023-03-29 16:46:54.714 [main] Loggerload - sending keys on RegisterPage  text field
[INFO ] 2023-03-29 16:46:54.862 [main] Loggerload - click on RegisterPage  button
[INFO ] 2023-03-29 16:46:56.063 [main] Loggerload - validating on RegisterPage password_mismatch:The two password fields didnâ€™t match. label text
[ERROR] 2023-03-29 16:46:56.094 [main] Loggerload - Steps Failed , Taking Screenshot
]]></system-out>
  </testcase>
  <testcase name="runScenario[&quot;Register validation with valid inputs&quot;, &quot;Optional[Register]&quot;](3)" classname="com.Runner.Testrunnertestng" time="6.669">
    <system-out><![CDATA[[INFO ] 2023-03-29 16:46:56.500 [main] Loggerload - ===============================================================================================
[INFO ] 2023-03-29 16:46:56.500 [main] Loggerload - [@register, @register_001] : Register validation with valid inputs
[INFO ] 2023-03-29 16:46:56.500 [main] Loggerload - -----------------------------------------------------------------------------------------------
[INFO ] 2023-03-29 16:46:58.605 [main] Loggerload - click on getStartedPage Get Started button
[INFO ] 2023-03-29 16:46:58.808 [main] Loggerload - click on RegisterPage Register link
[INFO ] 2023-03-29 16:46:59.044 [main] Loggerload - sending keys on RegisterPage  text field
[INFO ] 2023-03-29 16:46:59.223 [main] Loggerload - sending keys on RegisterPage  text field
[INFO ] 2023-03-29 16:46:59.416 [main] Loggerload - sending keys on RegisterPage  text field
[INFO ] 2023-03-29 16:46:59.598 [main] Loggerload - click on RegisterPage  button
[INFO ] 2023-03-29 16:47:00.921 [main] Loggerload - validating on RegisterPage New Account Created. You are logged in as 82850valli123@gmail.com label text
[INFO ] 2023-03-29 16:47:00.966 [main] Loggerload - click on RegisterPage Sign out link
]]></system-out>
  </testcase>
  <testcase name="runScenario[&quot;Register validation with invalid inputs&quot;, &quot;Optional[Register]&quot;](4)" classname="com.Runner.Testrunnertestng" time="3.628">
    <system-out><![CDATA[[INFO ] 2023-03-29 16:47:03.169 [main] Loggerload - ===============================================================================================
[INFO ] 2023-03-29 16:47:03.169 [main] Loggerload - [@register, @register_002] : Register validation with invalid inputs
[INFO ] 2023-03-29 16:47:03.169 [main] Loggerload - -----------------------------------------------------------------------------------------------
[INFO ] 2023-03-29 16:47:05.293 [main] Loggerload - click on getStartedPage Get Started button
[INFO ] 2023-03-29 16:47:05.450 [main] Loggerload - click on RegisterPage Register link
[INFO ] 2023-03-29 16:47:05.630 [main] Loggerload - click on RegisterPage  button
[INFO ] 2023-03-29 16:47:06.766 [main] Loggerload - validating on RegisterPage  text field
]]></system-out>
  </testcase>
  <testcase name="runScenario[&quot;Register validation with invalid inputs/blank fields&quot;, &quot;Optional[Register]&quot;](5)" classname="com.Runner.Testrunnertestng" time="3.794">
    <system-out><![CDATA[[INFO ] 2023-03-29 16:47:06.798 [main] Loggerload - ===============================================================================================
[INFO ] 2023-03-29 16:47:06.798 [main] Loggerload - [@register, @register_003] : Register validation with invalid inputs/blank fields
[INFO ] 2023-03-29 16:47:06.798 [main] Loggerload - -----------------------------------------------------------------------------------------------
[INFO ] 2023-03-29 16:47:08.899 [main] Loggerload - click on getStartedPage Get Started button
[INFO ] 2023-03-29 16:47:09.077 [main] Loggerload - click on RegisterPage Register link
[INFO ] 2023-03-29 16:47:09.280 [main] Loggerload - sending keys on RegisterPage  text field
[INFO ] 2023-03-29 16:47:09.438 [main] Loggerload - click on RegisterPage  button
[INFO ] 2023-03-29 16:47:10.561 [main] Loggerload - validating on RegisterPage  text field
]]></system-out>
  </testcase>
  <testcase name="runScenario[&quot;Register validation with invalid inputs/blank fields&quot;, &quot;Optional[Register]&quot;](6)" classname="com.Runner.Testrunnertestng" time="3.984">
    <system-out><![CDATA[[INFO ] 2023-03-29 16:47:10.585 [main] Loggerload - ===============================================================================================
[INFO ] 2023-03-29 16:47:10.585 [main] Loggerload - [@register, @register_004] : Register validation with invalid inputs/blank fields
[INFO ] 2023-03-29 16:47:10.586 [main] Loggerload - -----------------------------------------------------------------------------------------------
[INFO ] 2023-03-29 16:47:12.703 [main] Loggerload - click on getStartedPage Get Started button
[INFO ] 2023-03-29 16:47:12.878 [main] Loggerload - click on RegisterPage Register link
[INFO ] 2023-03-29 16:47:13.078 [main] Loggerload - sending keys on RegisterPage  text field
[INFO ] 2023-03-29 16:47:13.256 [main] Loggerload - sending keys on RegisterPage  text field
[INFO ] 2023-03-29 16:47:13.406 [main] Loggerload - click on RegisterPage  button
[INFO ] 2023-03-29 16:47:14.546 [main] Loggerload - validating on RegisterPage  text field
]]></system-out>
  </testcase>
  <testcase name="runScenario[&quot;Register validation with invalid inputs/blank fields&quot;, &quot;Optional[Register]&quot;](7)" classname="com.Runner.Testrunnertestng" time="4.003">
    <system-out><![CDATA[[INFO ] 2023-03-29 16:47:14.569 [main] Loggerload - ===============================================================================================
[INFO ] 2023-03-29 16:47:14.570 [main] Loggerload - [@register, @register_005] : Register validation with invalid inputs/blank fields
[INFO ] 2023-03-29 16:47:14.570 [main] Loggerload - -----------------------------------------------------------------------------------------------
[INFO ] 2023-03-29 16:47:16.689 [main] Loggerload - click on getStartedPage Get Started button
[INFO ] 2023-03-29 16:47:16.900 [main] Loggerload - click on RegisterPage Register link
[INFO ] 2023-03-29 16:47:17.092 [main] Loggerload - sending keys on RegisterPage  text field
[INFO ] 2023-03-29 16:47:17.244 [main] Loggerload - sending keys on RegisterPage  text field
[INFO ] 2023-03-29 16:47:17.405 [main] Loggerload - click on RegisterPage  button
[INFO ] 2023-03-29 16:47:18.548 [main] Loggerload - validating on RegisterPage  text field
]]></system-out>
  </testcase>
  <testcase name="runScenario[&quot;Register validation with invalid inputs/blank fields&quot;, &quot;Optional[Register]&quot;](8)" classname="com.Runner.Testrunnertestng" time="3.825">
    <system-out><![CDATA[[INFO ] 2023-03-29 16:47:18.575 [main] Loggerload - ===============================================================================================
[INFO ] 2023-03-29 16:47:18.575 [main] Loggerload - [@register, @register_006] : Register validation with invalid inputs/blank fields
[INFO ] 2023-03-29 16:47:18.575 [main] Loggerload - -----------------------------------------------------------------------------------------------
[INFO ] 2023-03-29 16:47:20.716 [main] Loggerload - click on getStartedPage Get Started button
[INFO ] 2023-03-29 16:47:20.914 [main] Loggerload - click on RegisterPage Register link
[INFO ] 2023-03-29 16:47:21.096 [main] Loggerload - sending keys on RegisterPage  text field
[INFO ] 2023-03-29 16:47:21.248 [main] Loggerload - click on RegisterPage  button
[INFO ] 2023-03-29 16:47:22.375 [main] Loggerload - validating on RegisterPage  text field
]]></system-out>
  </testcase>
  <testcase name="runScenario[&quot;Register validation with invalid inputs/blank fields&quot;, &quot;Optional[Register]&quot;](9)" classname="com.Runner.Testrunnertestng" time="3.745">
    <system-out><![CDATA[[INFO ] 2023-03-29 16:47:22.404 [main] Loggerload - ===============================================================================================
[INFO ] 2023-03-29 16:47:22.404 [main] Loggerload - [@register, @register_007] : Register validation with invalid inputs/blank fields
[INFO ] 2023-03-29 16:47:22.405 [main] Loggerload - -----------------------------------------------------------------------------------------------
[INFO ] 2023-03-29 16:47:24.508 [main] Loggerload - click on getStartedPage Get Started button
[INFO ] 2023-03-29 16:47:24.665 [main] Loggerload - click on RegisterPage Register link
[INFO ] 2023-03-29 16:47:24.828 [main] Loggerload - sending keys on RegisterPage  text field
[INFO ] 2023-03-29 16:47:24.983 [main] Loggerload - click on RegisterPage  button
[INFO ] 2023-03-29 16:47:26.119 [main] Loggerload - validating on RegisterPage  text field
]]></system-out>
  </testcase>
  <testcase name="runScenario[&quot;Register validation with invalid inputs/ password mismatch&quot;, &quot;Optional[Register]&quot;](10)" classname="com.Runner.Testrunnertestng" time="4.225">
    <system-out><![CDATA[[INFO ] 2023-03-29 16:47:26.141 [main] Loggerload - ===============================================================================================
[INFO ] 2023-03-29 16:47:26.141 [main] Loggerload - [@register, @mismatchpwd] : Register validation with invalid inputs/ password mismatch
[INFO ] 2023-03-29 16:47:26.141 [main] Loggerload - -----------------------------------------------------------------------------------------------
[INFO ] 2023-03-29 16:47:28.243 [main] Loggerload - click on getStartedPage Get Started button
[INFO ] 2023-03-29 16:47:28.428 [main] Loggerload - click on RegisterPage Register link
[INFO ] 2023-03-29 16:47:28.621 [main] Loggerload - sending keys on RegisterPage  text field
[INFO ] 2023-03-29 16:47:28.791 [main] Loggerload - sending keys on RegisterPage  text field
[INFO ] 2023-03-29 16:47:28.957 [main] Loggerload - sending keys on RegisterPage  text field
[INFO ] 2023-03-29 16:47:29.160 [main] Loggerload - click on RegisterPage  button
]]></system-out>
  </testcase>
  <testcase name="runScenario[&quot;Register validation with invalid inputs/ password format less than eight characters&quot;, &quot;Optional[Register]&quot;](11)" classname="com.Runner.Testrunnertestng" time="4.37">
    <failure message="expected [password should contain atleast eight characters.] but found [password_mismatch:The two password fields didnâ€™t match.]" type="java.lang.AssertionError"><![CDATA[java.lang.AssertionError: expected [password should contain atleast eight characters.] but found [password_mismatch:The two password fields didnâ€™t match.]
]]></failure>
    <system-out><![CDATA[[INFO ] 2023-03-29 16:47:30.365 [main] Loggerload - ===============================================================================================
[INFO ] 2023-03-29 16:47:30.365 [main] Loggerload - [@register, @atleasteight] : Register validation with invalid inputs/ password format less than eight characters
[INFO ] 2023-03-29 16:47:30.365 [main] Loggerload - -----------------------------------------------------------------------------------------------
[INFO ] 2023-03-29 16:47:32.478 [main] Loggerload - click on getStartedPage Get Started button
[INFO ] 2023-03-29 16:47:32.680 [main] Loggerload - click on RegisterPage Register link
[INFO ] 2023-03-29 16:47:32.878 [main] Loggerload - sending keys on RegisterPage  text field
[INFO ] 2023-03-29 16:47:33.052 [main] Loggerload - sending keys on RegisterPage  text field
[INFO ] 2023-03-29 16:47:33.200 [main] Loggerload - sending keys on RegisterPage  text field
[INFO ] 2023-03-29 16:47:33.371 [main] Loggerload - click on RegisterPage  button
[ERROR] 2023-03-29 16:47:34.578 [main] Loggerload - Steps Failed , Taking Screenshot
]]></system-out>
  </testcase>
  <testcase name="runScenario[&quot;Register validation with invalid inputs/  password format all numeric&quot;, &quot;Optional[Register]&quot;](12)" classname="com.Runner.Testrunnertestng" time="4.278">
    <failure message="expected [please enter valid password format] but found [password_mismatch:The two password fields didnâ€™t match.]" type="java.lang.AssertionError"><![CDATA[java.lang.AssertionError: expected [please enter valid password format] but found [password_mismatch:The two password fields didnâ€™t match.]
]]></failure>
    <system-out><![CDATA[[INFO ] 2023-03-29 16:47:34.739 [main] Loggerload - ===============================================================================================
[INFO ] 2023-03-29 16:47:34.739 [main] Loggerload - [@register, @allnumeric] : Register validation with invalid inputs/  password format all numeric
[INFO ] 2023-03-29 16:47:34.740 [main] Loggerload - -----------------------------------------------------------------------------------------------
[INFO ] 2023-03-29 16:47:36.828 [main] Loggerload - click on getStartedPage Get Started button
[INFO ] 2023-03-29 16:47:37.011 [main] Loggerload - click on RegisterPage Register link
[INFO ] 2023-03-29 16:47:37.211 [main] Loggerload - sending keys on RegisterPage  text field
[INFO ] 2023-03-29 16:47:37.382 [main] Loggerload - sending keys on RegisterPage  text field
[INFO ] 2023-03-29 16:47:37.528 [main] Loggerload - sending keys on RegisterPage  text field
[INFO ] 2023-03-29 16:47:37.679 [main] Loggerload - click on RegisterPage  button
[ERROR] 2023-03-29 16:47:38.880 [main] Loggerload - Steps Failed , Taking Screenshot
]]></system-out>
  </testcase>
  <testcase name="runScenario[&quot;Register validation with invalid inputs/ similar fields&quot;, &quot;Optional[Register]&quot;](13)" classname="com.Runner.Testrunnertestng" time="4.342">
    <failure message="expected [password can not be similar as username] but found [password_mismatch:The two password fields didnâ€™t match.]" type="java.lang.AssertionError"><![CDATA[java.lang.AssertionError: expected [password can not be similar as username] but found [password_mismatch:The two password fields didnâ€™t match.]
]]></failure>
    <system-out><![CDATA[[INFO ] 2023-03-29 16:47:39.013 [main] Loggerload - ===============================================================================================
[INFO ] 2023-03-29 16:47:39.014 [main] Loggerload - [@register, @compareUnPwd] : Register validation with invalid inputs/ similar fields
[INFO ] 2023-03-29 16:47:39.014 [main] Loggerload - -----------------------------------------------------------------------------------------------
[INFO ] 2023-03-29 16:47:41.116 [main] Loggerload - click on getStartedPage Get Started button
[INFO ] 2023-03-29 16:47:41.302 [main] Loggerload - click on RegisterPage Register link
[INFO ] 2023-03-29 16:47:41.508 [main] Loggerload - sending keys on RegisterPage  text field
[INFO ] 2023-03-29 16:47:41.681 [main] Loggerload - sending keys on RegisterPage  text field
[INFO ] 2023-03-29 16:47:41.824 [main] Loggerload - sending keys on RegisterPage  text field
[INFO ] 2023-03-29 16:47:42.004 [main] Loggerload - click on RegisterPage  button
[ERROR] 2023-03-29 16:47:43.202 [main] Loggerload - Steps Failed , Taking Screenshot
]]></system-out>
  </testcase>
  <testcase name="runScenario[&quot;signIn validation with valid inputs&quot;, &quot;Optional[Login]&quot;](14)" classname="com.Runner.Testrunnertestng" time="3.985">
    <system-out><![CDATA[[INFO ] 2023-03-29 16:47:43.356 [main] Loggerload - ===============================================================================================
[INFO ] 2023-03-29 16:47:43.356 [main] Loggerload - [@login, @login] : signIn validation with valid inputs
[INFO ] 2023-03-29 16:47:43.357 [main] Loggerload - -----------------------------------------------------------------------------------------------
[INFO ] 2023-03-29 16:47:45.460 [main] Loggerload - click on getStartedPage Get Started button
[INFO ] 2023-03-29 16:47:45.626 [main] Loggerload - click on LoginPage Sign in link
[INFO ] 2023-03-29 16:47:45.833 [main] Loggerload - click on LoginPage  button
[INFO ] 2023-03-29 16:47:45.898 [main] Loggerload - click on LoginPage Register! link
[INFO ] 2023-03-29 16:47:46.135 [main] Loggerload - click on LoginPage Sign in link
[INFO ] 2023-03-29 16:47:46.344 [main] Loggerload - sending keys on LoginPage  input field
[INFO ] 2023-03-29 16:47:46.545 [main] Loggerload - sending keys on LoginPage  input field
[INFO ] 2023-03-29 16:47:46.715 [main] Loggerload - click on LoginPage  button
[INFO ] 2023-03-29 16:47:47.102 [main] Loggerload - click on LoginPage Sign out button
]]></system-out>
  </testcase>
  <testcase name="runScenario[&quot;signIn validation with inValid inputs&quot;, &quot;Optional[Login]&quot;](15)" classname="com.Runner.Testrunnertestng" time="2.774">
    <system-out><![CDATA[[INFO ] 2023-03-29 16:47:47.342 [main] Loggerload - ===============================================================================================
[INFO ] 2023-03-29 16:47:47.342 [main] Loggerload - [@login, @login] : signIn validation with inValid inputs
[INFO ] 2023-03-29 16:47:47.342 [main] Loggerload - -----------------------------------------------------------------------------------------------
[INFO ] 2023-03-29 16:47:49.471 [main] Loggerload - click on getStartedPage Get Started button
[INFO ] 2023-03-29 16:47:49.660 [main] Loggerload - click on LoginPage Sign in link
[INFO ] 2023-03-29 16:47:49.877 [main] Loggerload - click on LoginPage  button
[INFO ] 2023-03-29 16:47:49.916 [main] Loggerload - click on LoginPage  button
Please fill out this field.
[INFO ] 2023-03-29 16:47:50.109 [main] Loggerload - Validating message on LoginPage  textbox
]]></system-out>
  </testcase>
  <testcase name="runScenario[&quot;signIn validation with inValid inputs&quot;, &quot;Optional[Login]&quot;](16)" classname="com.Runner.Testrunnertestng" time="2.949">
    <system-out><![CDATA[[INFO ] 2023-03-29 16:47:50.121 [main] Loggerload - ===============================================================================================
[INFO ] 2023-03-29 16:47:50.122 [main] Loggerload - [@login, @login] : signIn validation with inValid inputs
[INFO ] 2023-03-29 16:47:50.122 [main] Loggerload - -----------------------------------------------------------------------------------------------
[INFO ] 2023-03-29 16:47:52.216 [main] Loggerload - click on getStartedPage Get Started button
[INFO ] 2023-03-29 16:47:52.386 [main] Loggerload - click on LoginPage Sign in link
[INFO ] 2023-03-29 16:47:52.595 [main] Loggerload - click on LoginPage  button
[INFO ] 2023-03-29 16:47:52.640 [main] Loggerload - sending keys on LoginPage  input field
[INFO ] 2023-03-29 16:47:52.845 [main] Loggerload - click on LoginPage  button
Please fill out this field.
[INFO ] 2023-03-29 16:47:53.059 [main] Loggerload - Validating message on LoginPage  textbox
]]></system-out>
  </testcase>
  <testcase name="runScenario[&quot;signIn validation with inValid inputs&quot;, &quot;Optional[Login]&quot;](17)" classname="com.Runner.Testrunnertestng" time="3.161">
    <system-out><![CDATA[[INFO ] 2023-03-29 16:47:53.065 [main] Loggerload - ===============================================================================================
[INFO ] 2023-03-29 16:47:53.065 [main] Loggerload - [@login, @login] : signIn validation with inValid inputs
[INFO ] 2023-03-29 16:47:53.065 [main] Loggerload - -----------------------------------------------------------------------------------------------
[INFO ] 2023-03-29 16:47:55.168 [main] Loggerload - click on getStartedPage Get Started button
[INFO ] 2023-03-29 16:47:55.341 [main] Loggerload - click on LoginPage Sign in link
[INFO ] 2023-03-29 16:47:55.544 [main] Loggerload - click on LoginPage  button
[INFO ] 2023-03-29 16:47:55.594 [main] Loggerload - sending keys on LoginPage  input field
[INFO ] 2023-03-29 16:47:55.794 [main] Loggerload - sending keys on LoginPage  input field
[INFO ] 2023-03-29 16:47:55.976 [main] Loggerload - click on LoginPage  button
]]></system-out>
  </testcase>
  <testcase name="runScenario[&quot;Data Structure Intro Page Validation&quot;, &quot;Optional[Data Structure Intro]&quot;](18)" classname="com.Runner.Testrunnertestng" time="8.986">
    <system-out><![CDATA[[INFO ] 2023-03-29 16:47:56.233 [main] Loggerload - ===============================================================================================
[INFO ] 2023-03-29 16:47:56.233 [main] Loggerload - [@dscenario] : Data Structure Intro Page Validation
[INFO ] 2023-03-29 16:47:56.233 [main] Loggerload - -----------------------------------------------------------------------------------------------
[INFO ] 2023-03-29 16:47:58.330 [main] Loggerload - click on getStartedPage Get Started button
[INFO ] 2023-03-29 16:47:58.527 [main] Loggerload - click on LoginPage Sign in link
[INFO ] 2023-03-29 16:47:58.737 [main] Loggerload - sending keys on LoginPage  input field
[INFO ] 2023-03-29 16:47:58.931 [main] Loggerload - sending keys on LoginPage  input field
[INFO ] 2023-03-29 16:47:59.135 [main] Loggerload - click on LoginPage  button
[INFO ] 2023-03-29 16:48:00.530 [main] Loggerload - Click on dsIntro Get Started link
[INFO ] 2023-03-29 16:48:01.827 [main] Loggerload - Click on dsIntro Time Complexity link
[INFO ] 2023-03-29 16:48:03.090 [main] Loggerload - Click on dsIntro Try here>>> link
[INFO ] 2023-03-29 16:48:03.498 [main] Loggerload - Entering code on dsIntro  text field
[INFO ] 2023-03-29 16:48:03.516 [main] Loggerload - Before sending keys to 
[INFO ] 2023-03-29 16:48:04.947 [main] Loggerload - Click on dsIntro Run button
]]></system-out>
  </testcase>
  <testcase name="runScenario[&quot;User validate Array Page&quot;, &quot;Optional[Array]&quot;](19)" classname="com.Runner.Testrunnertestng" time="4.555">
    <system-out><![CDATA[[INFO ] 2023-03-29 16:48:05.219 [main] Loggerload - ===============================================================================================
[INFO ] 2023-03-29 16:48:05.219 [main] Loggerload - [@arrays, @scenario_001] : User validate Array Page
[INFO ] 2023-03-29 16:48:05.219 [main] Loggerload - -----------------------------------------------------------------------------------------------
[INFO ] 2023-03-29 16:48:06.273 [main] Loggerload - Before click Get Started link 
[INFO ] 2023-03-29 16:48:06.545 [main] Loggerload - Before click Arrays in Python link
[INFO ] 2023-03-29 16:48:06.792 [main] Loggerload - Before click Arrays in Python link
[INFO ] 2023-03-29 16:48:07.995 [main] Loggerload - Click on dsIntro Try here>>> link
[INFO ] 2023-03-29 16:48:08.246 [main] Loggerload - Before entering text in  input field
[INFO ] 2023-03-29 16:48:08.266 [main] Loggerload - Before sending keys to 
[INFO ] 2023-03-29 16:48:09.561 [main] Loggerload - Click on dsIntro Run button
]]></system-out>
  </testcase>
  <testcase name="runScenario[&quot;User validate Arrays using list page&quot;, &quot;Optional[Array]&quot;](20)" classname="com.Runner.Testrunnertestng" time="3.096">
    <system-out><![CDATA[[INFO ] 2023-03-29 16:48:09.770 [main] Loggerload - ===============================================================================================
[INFO ] 2023-03-29 16:48:09.770 [main] Loggerload - [@arrays, @scenario_002] : User validate Arrays using list page
[INFO ] 2023-03-29 16:48:09.770 [main] Loggerload - -----------------------------------------------------------------------------------------------
[INFO ] 2023-03-29 16:48:09.821 [main] Loggerload - Before click Arrays Using List link
[INFO ] 2023-03-29 16:48:11.088 [main] Loggerload - Click on dsIntro Try here>>> link
[INFO ] 2023-03-29 16:48:11.359 [main] Loggerload - Before entering text in  input field
[INFO ] 2023-03-29 16:48:11.378 [main] Loggerload - Before sending keys to 
[INFO ] 2023-03-29 16:48:12.681 [main] Loggerload - Click on dsIntro Run button
]]></system-out>
  </testcase>
  <testcase name="runScenario[&quot;User validate Basic Operations in list page&quot;, &quot;Optional[Array]&quot;](21)" classname="com.Runner.Testrunnertestng" time="3.106">
    <system-out><![CDATA[[INFO ] 2023-03-29 16:48:12.863 [main] Loggerload - ===============================================================================================
[INFO ] 2023-03-29 16:48:12.863 [main] Loggerload - [@arrays, @scenario_003] : User validate Basic Operations in list page
[INFO ] 2023-03-29 16:48:12.863 [main] Loggerload - -----------------------------------------------------------------------------------------------
[INFO ] 2023-03-29 16:48:12.893 [main] Loggerload - Before click Basic Operations in Lists link
[INFO ] 2023-03-29 16:48:14.166 [main] Loggerload - Click on dsIntro Try here>>> link
[INFO ] 2023-03-29 16:48:14.404 [main] Loggerload - Before entering text in  input field
[INFO ] 2023-03-29 16:48:14.425 [main] Loggerload - Before sending keys to 
[INFO ] 2023-03-29 16:48:15.791 [main] Loggerload - Click on dsIntro Run button
]]></system-out>
  </testcase>
  <testcase name="runScenario[&quot;User validate Applications of Array page&quot;, &quot;Optional[Array]&quot;](22)" classname="com.Runner.Testrunnertestng" time="3.241">
    <system-out><![CDATA[[INFO ] 2023-03-29 16:48:15.972 [main] Loggerload - ===============================================================================================
[INFO ] 2023-03-29 16:48:15.973 [main] Loggerload - [@arrays, @scenario_004] : User validate Applications of Array page
[INFO ] 2023-03-29 16:48:15.973 [main] Loggerload - -----------------------------------------------------------------------------------------------
[INFO ] 2023-03-29 16:48:16.002 [main] Loggerload - Before click Applications of Array  link
[INFO ] 2023-03-29 16:48:17.213 [main] Loggerload - Click on dsIntro Try here>>> link
[INFO ] 2023-03-29 16:48:17.455 [main] Loggerload - Before entering text in  input field
[INFO ] 2023-03-29 16:48:17.472 [main] Loggerload - Before sending keys to 
[INFO ] 2023-03-29 16:48:18.821 [main] Loggerload - Click on dsIntro Run button
[INFO ] 2023-03-29 16:48:19.009 [main] Loggerload - Before click Practice Questions  link
]]></system-out>
  </testcase>
  <testcase name="runScenario[&quot;User validate Search the array page&quot;, &quot;Optional[Array]&quot;](23)" classname="com.Runner.Testrunnertestng" time="3.554">
    <system-out><![CDATA[[INFO ] 2023-03-29 16:48:19.210 [main] Loggerload - ===============================================================================================
[INFO ] 2023-03-29 16:48:19.210 [main] Loggerload - [@arrays, @scenario_005] : User validate Search the array page
[INFO ] 2023-03-29 16:48:19.210 [main] Loggerload - -----------------------------------------------------------------------------------------------
[INFO ] 2023-03-29 16:48:19.243 [main] Loggerload - Before click Search the array link
[INFO ] 2023-03-29 16:48:19.517 [main] Loggerload - Clearing text in editor
[INFO ] 2023-03-29 16:48:20.471 [main] Loggerload - Clearing text before entering code in  enterCodePractice
[INFO ] 2023-03-29 16:48:21.547 [main] Loggerload - Expected result from Excel sheetname pythonCode and 2 : Element Found
[INFO ] 2023-03-29 16:48:22.587 [main] Loggerload - Click on dsIntro Run button
]]></system-out>
  </testcase>
  <testcase name="runScenario[&quot;User validate Max Consecutive Ones page&quot;, &quot;Optional[Array]&quot;](24)" classname="com.Runner.Testrunnertestng" time="3.191">
    <system-out><![CDATA[[INFO ] 2023-03-29 16:48:22.765 [main] Loggerload - ===============================================================================================
[INFO ] 2023-03-29 16:48:22.766 [main] Loggerload - [@arrays, @scenario_006] : User validate Max Consecutive Ones page
[INFO ] 2023-03-29 16:48:22.766 [main] Loggerload - -----------------------------------------------------------------------------------------------
[INFO ] 2023-03-29 16:48:22.797 [main] Loggerload - Before click Max Consecutive Ones link
[INFO ] 2023-03-29 16:48:23.028 [main] Loggerload - Clearing text in editor
[INFO ] 2023-03-29 16:48:23.127 [main] Loggerload - Clearing text before entering code in  enterCodePractice
[INFO ] 2023-03-29 16:48:24.759 [main] Loggerload - Expected result from Excel sheetname pythonCode and 4 : 2
[INFO ] 2023-03-29 16:48:25.795 [main] Loggerload - Click on dsIntro Run button
]]></system-out>
  </testcase>
  <testcase name="runScenario[&quot;User validate Even Number page&quot;, &quot;Optional[Array]&quot;](25)" classname="com.Runner.Testrunnertestng" time="2.65">
    <system-out><![CDATA[[INFO ] 2023-03-29 16:48:25.958 [main] Loggerload - ===============================================================================================
[INFO ] 2023-03-29 16:48:25.958 [main] Loggerload - [@arrays, @scenario_007] : User validate Even Number page
[INFO ] 2023-03-29 16:48:25.958 [main] Loggerload - -----------------------------------------------------------------------------------------------
[INFO ] 2023-03-29 16:48:25.990 [main] Loggerload - Before click Find Numbers with Even Number of Digits link
[INFO ] 2023-03-29 16:48:26.219 [main] Loggerload - Clearing text in editor
[INFO ] 2023-03-29 16:48:26.309 [main] Loggerload - Clearing text before entering code in  enterCodePractice
[INFO ] 2023-03-29 16:48:27.391 [main] Loggerload - Expected result from Excel sheetname pythonCode and 6 : 2
[INFO ] 2023-03-29 16:48:28.424 [main] Loggerload - Click on dsIntro Run button
]]></system-out>
  </testcase>
  <testcase name="runScenario[&quot;User validate Sorted Array page&quot;, &quot;Optional[Array]&quot;](26)" classname="com.Runner.Testrunnertestng" time="2.958">
    <system-out><![CDATA[[INFO ] 2023-03-29 16:48:28.607 [main] Loggerload - ===============================================================================================
[INFO ] 2023-03-29 16:48:28.608 [main] Loggerload - [@arrays, @scenario_008] : User validate Sorted Array page
[INFO ] 2023-03-29 16:48:28.608 [main] Loggerload - -----------------------------------------------------------------------------------------------
[INFO ] 2023-03-29 16:48:28.636 [main] Loggerload - Before click Squares of a Sorted Array link
[INFO ] 2023-03-29 16:48:28.870 [main] Loggerload - Clearing text in editor
[INFO ] 2023-03-29 16:48:28.970 [main] Loggerload - Clearing text before entering code in  enterCodePractice
[INFO ] 2023-03-29 16:48:30.287 [main] Loggerload - Expected result from Excel sheetname pythonCode and 8 : [4, 9, 9, 49, 121]
[INFO ] 2023-03-29 16:48:31.323 [main] Loggerload - Click on dsIntro Run button
]]></system-out>
  </testcase>
  <testcase name="runScenario[&quot;The user is able to submit code in tryEditor for Search the array link&quot;, &quot;Optional[Array]&quot;](27)" classname="com.Runner.Testrunnertestng" time="2.057">
    <failure message="Result do not match expected [submission success] but found [ Some Tests failed. Please review code]" type="java.lang.AssertionError"><![CDATA[java.lang.AssertionError: Result do not match expected [submission success] but found [ Some Tests failed. Please review code]
]]></failure>
    <system-out><![CDATA[[INFO ] 2023-03-29 16:48:31.568 [main] Loggerload - ===============================================================================================
[INFO ] 2023-03-29 16:48:31.568 [main] Loggerload - [@arrays, @scenario_009] : The user is able to submit code in tryEditor for Search the array link
[INFO ] 2023-03-29 16:48:31.568 [main] Loggerload - -----------------------------------------------------------------------------------------------
[INFO ] 2023-03-29 16:48:31.570 [main] Loggerload - The user is on Questionpage of Search the array after logged in
[INFO ] 2023-03-29 16:48:31.685 [main] Loggerload - The user enter valid python code in tryEditor from sheetname :pythonCode and row number : 3
[INFO ] 2023-03-29 16:48:31.745 [main] Loggerload - Clearing text before entering code in  enterCodePractice
[INFO ] 2023-03-29 16:48:32.788 [main] Loggerload - Expected result from Excel sheetname pythonCode and 3 : submission success
[INFO ] 2023-03-29 16:48:32.789 [main] Loggerload - Click on Submit button
[INFO ] 2023-03-29 16:48:33.469 [main] Loggerload - Actual result of successful submission message : Some Tests failed. Please review code
[ERROR] 2023-03-29 16:48:33.470 [main] Loggerload - Steps Failed , Taking Screenshot
]]></system-out>
  </testcase>
  <testcase name="runScenario[&quot;User validate Max Consecutive Ones page&quot;, &quot;Optional[Array]&quot;](28)" classname="com.Runner.Testrunnertestng" time="3.005">
    <system-out><![CDATA[[INFO ] 2023-03-29 16:48:33.624 [main] Loggerload - ===============================================================================================
[INFO ] 2023-03-29 16:48:33.624 [main] Loggerload - [@arrays, @scenario_010] : User validate Max Consecutive Ones page
[INFO ] 2023-03-29 16:48:33.624 [main] Loggerload - -----------------------------------------------------------------------------------------------
[INFO ] 2023-03-29 16:48:33.625 [main] Loggerload - The user is on Questionpage of Max Consecutive Ones after logged in
[INFO ] 2023-03-29 16:48:33.739 [main] Loggerload - The user enter valid python code in tryEditor from sheetname :pythonCode and row number : 4
[INFO ] 2023-03-29 16:48:33.807 [main] Loggerload - Clearing text before entering code in  enterCodePractice
[INFO ] 2023-03-29 16:48:35.434 [main] Loggerload - Expected result from Excel sheetname pythonCode and 4 : 2
[INFO ] 2023-03-29 16:48:36.462 [main] Loggerload - Click on dsIntro Run button
[INFO ] 2023-03-29 16:48:36.624 [main] Loggerload - Actual result  : 2
]]></system-out>
  </testcase>
  <testcase name="runScenario[&quot;The user is able to submit code in tryEditor for Max Consecutive Ones&quot;, &quot;Optional[Array]&quot;](29)" classname="com.Runner.Testrunnertestng" time="2.562">
    <failure message="Result do not match expected [submission success] but found [ Some Tests failed. Please review code]" type="java.lang.AssertionError"><![CDATA[java.lang.AssertionError: Result do not match expected [submission success] but found [ Some Tests failed. Please review code]
]]></failure>
    <system-out><![CDATA[[INFO ] 2023-03-29 16:48:36.628 [main] Loggerload - ===============================================================================================
[INFO ] 2023-03-29 16:48:36.628 [main] Loggerload - [@arrays, @scenario_011] : The user is able to submit code in tryEditor for Max Consecutive Ones
[INFO ] 2023-03-29 16:48:36.628 [main] Loggerload - -----------------------------------------------------------------------------------------------
[INFO ] 2023-03-29 16:48:36.628 [main] Loggerload - The user is on Questionpage of Max Consecutive Ones after logged in
[INFO ] 2023-03-29 16:48:36.719 [main] Loggerload - The user enter valid python code in tryEditor from sheetname :pythonCode and row number : 5
[INFO ] 2023-03-29 16:48:36.788 [main] Loggerload - Clearing text before entering code in  enterCodePractice
[INFO ] 2023-03-29 16:48:38.433 [main] Loggerload - Expected result from Excel sheetname pythonCode and 5 : submission success
[INFO ] 2023-03-29 16:48:38.433 [main] Loggerload - Click on Submit button
[INFO ] 2023-03-29 16:48:39.052 [main] Loggerload - Actual result of successful submission message : Some Tests failed. Please review code
[ERROR] 2023-03-29 16:48:39.053 [main] Loggerload - Steps Failed , Taking Screenshot
]]></system-out>
  </testcase>
  <testcase name="runScenario[&quot;User validate Even Number page&quot;, &quot;Optional[Array]&quot;](30)" classname="com.Runner.Testrunnertestng" time="2.669">
    <system-out><![CDATA[[INFO ] 2023-03-29 16:48:39.193 [main] Loggerload - ===============================================================================================
[INFO ] 2023-03-29 16:48:39.194 [main] Loggerload - [@arrays, @scenario_012] : User validate Even Number page
[INFO ] 2023-03-29 16:48:39.194 [main] Loggerload - -----------------------------------------------------------------------------------------------
[INFO ] 2023-03-29 16:48:39.195 [main] Loggerload - The user is on Questionpage of Find Numbers with Even Number of Digits after logged in
[INFO ] 2023-03-29 16:48:39.302 [main] Loggerload - Clearing text in editor
[INFO ] 2023-03-29 16:48:39.376 [main] Loggerload - Clearing text before entering code in  enterCodePractice
[INFO ] 2023-03-29 16:48:40.645 [main] Loggerload - Expected result from Excel sheetname pythonCode and 6 : 2
[INFO ] 2023-03-29 16:48:41.682 [main] Loggerload - Click on dsIntro Run button
[INFO ] 2023-03-29 16:48:41.855 [main] Loggerload - Actual result  : 2
]]></system-out>
  </testcase>
  <testcase name="runScenario[&quot;The user is able to submit code in tryEditor for Find Numbers with Even Number of Digits&quot;, &quot;Optional[Array]&quot;](31)" classname="com.Runner.Testrunnertestng" time="2.161">
    <failure message="Result do not match expected [submission success] but found [Error occurred during submission]" type="java.lang.AssertionError"><![CDATA[java.lang.AssertionError: Result do not match expected [submission success] but found [Error occurred during submission]
]]></failure>
    <system-out><![CDATA[[INFO ] 2023-03-29 16:48:41.860 [main] Loggerload - ===============================================================================================
[INFO ] 2023-03-29 16:48:41.860 [main] Loggerload - [@arrays, @scenario_013] : The user is able to submit code in tryEditor for Find Numbers with Even Number of Digits
[INFO ] 2023-03-29 16:48:41.860 [main] Loggerload - -----------------------------------------------------------------------------------------------
[INFO ] 2023-03-29 16:48:41.860 [main] Loggerload - The user is on Questionpage of Find Numbers with Even Number of Digits after logged in
[INFO ] 2023-03-29 16:48:41.988 [main] Loggerload - The user enter valid python code in tryEditor from sheetname :pythonCode and row number : 7
[INFO ] 2023-03-29 16:48:42.074 [main] Loggerload - Clearing text before entering code in  enterCodePractice
[INFO ] 2023-03-29 16:48:43.259 [main] Loggerload - Expected result from Excel sheetname pythonCode and 7 : submission success
[INFO ] 2023-03-29 16:48:43.260 [main] Loggerload - Click on Submit button
[INFO ] 2023-03-29 16:48:43.882 [main] Loggerload - Actual result of successful submission message :Error occurred during submission
[ERROR] 2023-03-29 16:48:43.883 [main] Loggerload - Steps Failed , Taking Screenshot
]]></system-out>
  </testcase>
  <testcase name="runScenario[&quot;User validate Sorted Array page&quot;, &quot;Optional[Array]&quot;](32)" classname="com.Runner.Testrunnertestng" time="2.851">
    <system-out><![CDATA[[INFO ] 2023-03-29 16:48:44.021 [main] Loggerload - ===============================================================================================
[INFO ] 2023-03-29 16:48:44.021 [main] Loggerload - [@arrays, @scenario_014] : User validate Sorted Array page
[INFO ] 2023-03-29 16:48:44.021 [main] Loggerload - -----------------------------------------------------------------------------------------------
[INFO ] 2023-03-29 16:48:44.022 [main] Loggerload - The user is on Questionpage of Squares of a Sorted Array after logged in
[INFO ] 2023-03-29 16:48:44.131 [main] Loggerload - Clearing text in editor
[INFO ] 2023-03-29 16:48:44.218 [main] Loggerload - Clearing text before entering code in  enterCodePractice
[INFO ] 2023-03-29 16:48:45.618 [main] Loggerload - Expected result from Excel sheetname pythonCode and 8 : [4, 9, 9, 49, 121]
[INFO ] 2023-03-29 16:48:46.656 [main] Loggerload - Click on dsIntro Run button
[INFO ] 2023-03-29 16:48:46.867 [main] Loggerload - Actual result  : [4, 9, 9, 49, 121]
]]></system-out>
  </testcase>
  <testcase name="runScenario[&quot;The user is able to submit code in tryEditor for Squares of a Sorted Array&quot;, &quot;Optional[Array]&quot;](33)" classname="com.Runner.Testrunnertestng" time="2.444">
    <failure message="Result do not match expected [submission success] but found [ No tests were collected]" type="java.lang.AssertionError"><![CDATA[java.lang.AssertionError: Result do not match expected [submission success] but found [ No tests were collected]
]]></failure>
    <system-out><![CDATA[[INFO ] 2023-03-29 16:48:46.871 [main] Loggerload - ===============================================================================================
[INFO ] 2023-03-29 16:48:46.871 [main] Loggerload - [@arrays, @scenario_015] : The user is able to submit code in tryEditor for Squares of a Sorted Array
[INFO ] 2023-03-29 16:48:46.871 [main] Loggerload - -----------------------------------------------------------------------------------------------
[INFO ] 2023-03-29 16:48:46.872 [main] Loggerload - The user is on Questionpage of Squares of a Sorted Array after logged in
[INFO ] 2023-03-29 16:48:46.965 [main] Loggerload - The user enter valid python code in tryEditor from sheetname :pythonCode and row number : 9
[INFO ] 2023-03-29 16:48:47.039 [main] Loggerload - Clearing text before entering code in  enterCodePractice
[INFO ] 2023-03-29 16:48:48.495 [main] Loggerload - Expected result from Excel sheetname pythonCode and 9 : submission success
[INFO ] 2023-03-29 16:48:48.495 [main] Loggerload - Click on Submit button
[INFO ] 2023-03-29 16:48:49.120 [main] Loggerload - Actual result of successful submission message : No tests were collected
[ERROR] 2023-03-29 16:48:49.123 [main] Loggerload - Steps Failed , Taking Screenshot
]]></system-out>
  </testcase>
  <testcase name="runScenario[&quot;The user is presented with error message for code with invalid syntax in tryEditor for Arrays in Python page&quot;, &quot;Optional[Array]&quot;](34)" classname="com.Runner.Testrunnertestng" time="0.589">
    <system-out><![CDATA[[INFO ] 2023-03-29 16:48:49.318 [main] Loggerload - ===============================================================================================
[INFO ] 2023-03-29 16:48:49.319 [main] Loggerload - [@arrays, @scenario_016] : The user is presented with error message for code with invalid syntax in tryEditor for Arrays in Python page
[INFO ] 2023-03-29 16:48:49.319 [main] Loggerload - -----------------------------------------------------------------------------------------------
[INFO ] 2023-03-29 16:48:49.453 [main] Loggerload - User redirected to a page having an tryEditor with a Run button to test
[INFO ] 2023-03-29 16:48:49.459 [main] Loggerload - Title of current page is : Assessment
[INFO ] 2023-03-29 16:48:49.460 [main] Loggerload - The user enter valid python code in tryEditor from sheetname :pythonCode and row number : 1
[INFO ] 2023-03-29 16:48:49.460 [main] Loggerload - Clearing text in editor
[INFO ] 2023-03-29 16:48:49.528 [main] Loggerload - Before sending keys to 
[INFO ] 2023-03-29 16:48:49.741 [main] Loggerload - Expected result from Excel sheetname pythonCode and 1 : hello
[INFO ] 2023-03-29 16:48:49.766 [main] Loggerload - Before click Run  button
[INFO ] 2023-03-29 16:48:49.898 [main] Loggerload - Actual Error message is  : NameError: name 'hello' is not defined on line 1
]]></system-out>
  </testcase>
  <testcase name="runScenario[&quot;The user is presented with error message for code with invalid syntax in tryEditor for Search the array link&quot;, &quot;Optional[Array]&quot;](35)" classname="com.Runner.Testrunnertestng" time="0.565">
    <system-out><![CDATA[[INFO ] 2023-03-29 16:48:49.904 [main] Loggerload - ===============================================================================================
[INFO ] 2023-03-29 16:48:49.905 [main] Loggerload - [@arrays, @scenario_017] : The user is presented with error message for code with invalid syntax in tryEditor for Search the array link
[INFO ] 2023-03-29 16:48:49.905 [main] Loggerload - -----------------------------------------------------------------------------------------------
[INFO ] 2023-03-29 16:48:49.905 [main] Loggerload - The user is on Questionpage of Search the array after logged in
[INFO ] 2023-03-29 16:48:50.028 [main] Loggerload - The user enter valid python code in tryEditor from sheetname :pythonCode and row number : 1
[INFO ] 2023-03-29 16:48:50.028 [main] Loggerload - Clearing text in editor
[INFO ] 2023-03-29 16:48:50.107 [main] Loggerload - Before sending keys to 
[INFO ] 2023-03-29 16:48:50.325 [main] Loggerload - Expected result from Excel sheetname pythonCode and 1 : hello
[INFO ] 2023-03-29 16:48:50.344 [main] Loggerload - Before click Run  button
[INFO ] 2023-03-29 16:48:50.457 [main] Loggerload - Invalid code is taken from excel and clicked on run button
[INFO ] 2023-03-29 16:48:50.465 [main] Loggerload - Error message for invalid python code is -NameError: name 'hello' is not defined on line 1
]]></system-out>
  </testcase>
  <testcase name="runScenario[&quot;The user is presented with error message for invalid code in tryEditor for Max Consecutive Ones&quot;, &quot;Optional[Array]&quot;](36)" classname="com.Runner.Testrunnertestng" time="0.528">
    <system-out><![CDATA[[INFO ] 2023-03-29 16:48:50.470 [main] Loggerload - ===============================================================================================
[INFO ] 2023-03-29 16:48:50.470 [main] Loggerload - [@arrays, @scenario_017] : The user is presented with error message for invalid code in tryEditor for Max Consecutive Ones
[INFO ] 2023-03-29 16:48:50.470 [main] Loggerload - -----------------------------------------------------------------------------------------------
[INFO ] 2023-03-29 16:48:50.470 [main] Loggerload - The user is on Questionpage of Max Consecutive Ones after logged in
[INFO ] 2023-03-29 16:48:50.567 [main] Loggerload - The user enter valid python code in tryEditor from sheetname :pythonCode and row number : 1
[INFO ] 2023-03-29 16:48:50.567 [main] Loggerload - Clearing text in editor
[INFO ] 2023-03-29 16:48:50.631 [main] Loggerload - Before sending keys to 
[INFO ] 2023-03-29 16:48:50.839 [main] Loggerload - Expected result from Excel sheetname pythonCode and 1 : hello
[INFO ] 2023-03-29 16:48:50.863 [main] Loggerload - Before click Run  button
[INFO ] 2023-03-29 16:48:50.983 [main] Loggerload - Invalid code is taken from excel and clicked on run button
[INFO ] 2023-03-29 16:48:50.991 [main] Loggerload - Error message for invalid python code is -NameError: name 'hello' is not defined on line 1
]]></system-out>
  </testcase>
  <testcase name="runScenario[&quot;The user is presented with error message for code with invalid syntax in tryEditor for Find Numbers with Even Number of Digits&quot;, &quot;Optional[Array]&quot;](37)" classname="com.Runner.Testrunnertestng" time="0.579">
    <system-out><![CDATA[[INFO ] 2023-03-29 16:48:50.997 [main] Loggerload - ===============================================================================================
[INFO ] 2023-03-29 16:48:50.997 [main] Loggerload - [@arrays, @scenario_018] : The user is presented with error message for code with invalid syntax in tryEditor for Find Numbers with Even Number of Digits
[INFO ] 2023-03-29 16:48:50.997 [main] Loggerload - -----------------------------------------------------------------------------------------------
[INFO ] 2023-03-29 16:48:50.998 [main] Loggerload - The user is on Questionpage of Find Numbers with Even Number of Digits after logged in
[INFO ] 2023-03-29 16:48:51.104 [main] Loggerload - The user enter valid python code in tryEditor from sheetname :pythonCode and row number : 1
[INFO ] 2023-03-29 16:48:51.104 [main] Loggerload - Clearing text in editor
[INFO ] 2023-03-29 16:48:51.171 [main] Loggerload - Before sending keys to 
[INFO ] 2023-03-29 16:48:51.388 [main] Loggerload - Expected result from Excel sheetname pythonCode and 1 : hello
[INFO ] 2023-03-29 16:48:51.418 [main] Loggerload - Before click Run  button
[INFO ] 2023-03-29 16:48:51.566 [main] Loggerload - Invalid code is taken from excel and clicked on run button
[INFO ] 2023-03-29 16:48:51.572 [main] Loggerload - Error message for invalid python code is -NameError: name 'hello' is not defined on line 1
]]></system-out>
  </testcase>
  <testcase name="runScenario[&quot;The user is presented with error message for code with invalid syntax in tryEditor for Squares of a Sorted Array&quot;, &quot;Optional[Array]&quot;](38)" classname="com.Runner.Testrunnertestng" time="0.62">
    <system-out><![CDATA[[INFO ] 2023-03-29 16:48:51.578 [main] Loggerload - ===============================================================================================
[INFO ] 2023-03-29 16:48:51.578 [main] Loggerload - [@arrays, @scenario_019] : The user is presented with error message for code with invalid syntax in tryEditor for Squares of a Sorted Array
[INFO ] 2023-03-29 16:48:51.579 [main] Loggerload - -----------------------------------------------------------------------------------------------
[INFO ] 2023-03-29 16:48:51.580 [main] Loggerload - The user is on Questionpage of Squares of a Sorted Array after logged in
[INFO ] 2023-03-29 16:48:51.671 [main] Loggerload - The user enter valid python code in tryEditor from sheetname :pythonCode and row number : 1
[INFO ] 2023-03-29 16:48:51.671 [main] Loggerload - Clearing text in editor
[INFO ] 2023-03-29 16:48:51.741 [main] Loggerload - Before sending keys to 
[INFO ] 2023-03-29 16:48:51.929 [main] Loggerload - Expected result from Excel sheetname pythonCode and 1 : hello
[INFO ] 2023-03-29 16:48:51.954 [main] Loggerload - Before click Run  button
[INFO ] 2023-03-29 16:48:52.078 [main] Loggerload - Invalid code is taken from excel and clicked on run button
[INFO ] 2023-03-29 16:48:52.084 [main] Loggerload - Error message for invalid python code is -NameError: name 'hello' is not defined on line 1
]]></system-out>
  </testcase>
  <testcase name="runScenario[&quot;validating Linked List introduction page&quot;, &quot;Optional[LinkedList]&quot;](39)" classname="com.Runner.Testrunnertestng" time="3.394">
    <system-out><![CDATA[[INFO ] 2023-03-29 16:48:52.198 [main] Loggerload - ===============================================================================================
[INFO ] 2023-03-29 16:48:52.198 [main] Loggerload - [@linkedlist, @linkedlist] : validating Linked List introduction page
[INFO ] 2023-03-29 16:48:52.198 [main] Loggerload - -----------------------------------------------------------------------------------------------
[INFO ] 2023-03-29 16:48:52.247 [main] Loggerload - Click on LinkedList Get Started button
[INFO ] 2023-03-29 16:48:52.512 [main] Loggerload - Click on LinkedList Introduction link
[INFO ] 2023-03-29 16:48:53.768 [main] Loggerload - Click on dsIntro Try here>>> link
[INFO ] 2023-03-29 16:48:54.004 [main] Loggerload - Before entering text in  input field
[INFO ] 2023-03-29 16:48:54.027 [main] Loggerload - Before sending keys to 
[INFO ] 2023-03-29 16:48:55.374 [main] Loggerload - Click on dsIntro Run button
]]></system-out>
  </testcase>
  <testcase name="runScenario[&quot;User validate Creating Linked List page&quot;, &quot;Optional[LinkedList]&quot;](40)" classname="com.Runner.Testrunnertestng" time="3.099">
    <system-out><![CDATA[[INFO ] 2023-03-29 16:48:55.593 [main] Loggerload - ===============================================================================================
[INFO ] 2023-03-29 16:48:55.593 [main] Loggerload - [@linkedlist, @linkedlist] : User validate Creating Linked List page
[INFO ] 2023-03-29 16:48:55.593 [main] Loggerload - -----------------------------------------------------------------------------------------------
[INFO ] 2023-03-29 16:48:55.624 [main] Loggerload - Click on LinkedList Creating Linked LIst link
[INFO ] 2023-03-29 16:48:56.876 [main] Loggerload - Click on dsIntro Try here>>> link
[INFO ] 2023-03-29 16:48:57.131 [main] Loggerload - sending text on  input field
[INFO ] 2023-03-29 16:48:57.147 [main] Loggerload - Before sending keys to 
[INFO ] 2023-03-29 16:48:58.467 [main] Loggerload - Click on dsIntro Run button
]]></system-out>
  </testcase>
  <testcase name="runScenario[&quot;User validate Types of Linked List page&quot;, &quot;Optional[LinkedList]&quot;](41)" classname="com.Runner.Testrunnertestng" time="3.12">
    <system-out><![CDATA[[INFO ] 2023-03-29 16:48:58.690 [main] Loggerload - ===============================================================================================
[INFO ] 2023-03-29 16:48:58.690 [main] Loggerload - [@linkedlist, @linkedlist] : User validate Types of Linked List page
[INFO ] 2023-03-29 16:48:58.690 [main] Loggerload - -----------------------------------------------------------------------------------------------
[INFO ] 2023-03-29 16:48:58.718 [main] Loggerload - Click on LinkedList Types of Linked List link
[INFO ] 2023-03-29 16:48:59.995 [main] Loggerload - Click on dsIntro Try here>>> link
[INFO ] 2023-03-29 16:49:00.267 [main] Loggerload - sending text on  input field
[INFO ] 2023-03-29 16:49:00.286 [main] Loggerload - Before sending keys to 
[INFO ] 2023-03-29 16:49:01.597 [main] Loggerload - Click on dsIntro Run button
]]></system-out>
  </testcase>
  <testcase name="runScenario[&quot;User validate Implement Linked List in Python page&quot;, &quot;Optional[LinkedList]&quot;](42)" classname="com.Runner.Testrunnertestng" time="3.117">
    <system-out><![CDATA[[INFO ] 2023-03-29 16:49:01.815 [main] Loggerload - ===============================================================================================
[INFO ] 2023-03-29 16:49:01.816 [main] Loggerload - [@linkedlist, @linkedlist] : User validate Implement Linked List in Python page
[INFO ] 2023-03-29 16:49:01.816 [main] Loggerload - -----------------------------------------------------------------------------------------------
[INFO ] 2023-03-29 16:49:01.848 [main] Loggerload - Click on LinkedList Implement Linked List in Python link
[INFO ] 2023-03-29 16:49:03.090 [main] Loggerload - Click on dsIntro Try here>>> link
[INFO ] 2023-03-29 16:49:03.315 [main] Loggerload - sending text on  input field
[INFO ] 2023-03-29 16:49:03.337 [main] Loggerload - Before sending keys to 
[INFO ] 2023-03-29 16:49:04.706 [main] Loggerload - Click on dsIntro Run button
]]></system-out>
  </testcase>
  <testcase name="runScenario[&quot;User validate Traversal page&quot;, &quot;Optional[LinkedList]&quot;](43)" classname="com.Runner.Testrunnertestng" time="3.064">
    <system-out><![CDATA[[INFO ] 2023-03-29 16:49:04.930 [main] Loggerload - ===============================================================================================
[INFO ] 2023-03-29 16:49:04.931 [main] Loggerload - [@linkedlist, @linkedlist] : User validate Traversal page
[INFO ] 2023-03-29 16:49:04.931 [main] Loggerload - -----------------------------------------------------------------------------------------------
[INFO ] 2023-03-29 16:49:04.960 [main] Loggerload - Click on LinkedList Traversal link
[INFO ] 2023-03-29 16:49:06.220 [main] Loggerload - Click on dsIntro Try here>>> link
[INFO ] 2023-03-29 16:49:06.449 [main] Loggerload - sending text on  input field
[INFO ] 2023-03-29 16:49:06.466 [main] Loggerload - Before sending keys to 
[INFO ] 2023-03-29 16:49:07.754 [main] Loggerload - Click on dsIntro Run button
]]></system-out>
  </testcase>
  <testcase name="runScenario[&quot;User validate Insertion page&quot;, &quot;Optional[LinkedList]&quot;](44)" classname="com.Runner.Testrunnertestng" time="3.074">
    <system-out><![CDATA[[INFO ] 2023-03-29 16:49:07.995 [main] Loggerload - ===============================================================================================
[INFO ] 2023-03-29 16:49:07.995 [main] Loggerload - [@linkedlist, @linkedlist] : User validate Insertion page
[INFO ] 2023-03-29 16:49:07.995 [main] Loggerload - -----------------------------------------------------------------------------------------------
[INFO ] 2023-03-29 16:49:08.022 [main] Loggerload - Click on LinkedList Insertion link
[INFO ] 2023-03-29 16:49:09.295 [main] Loggerload - Click on dsIntro Try here>>> link
[INFO ] 2023-03-29 16:49:09.538 [main] Loggerload - sending text on  input field
[INFO ] 2023-03-29 16:49:09.554 [main] Loggerload - Before sending keys to 
[INFO ] 2023-03-29 16:49:10.837 [main] Loggerload - Click on dsIntro Run button
]]></system-out>
  </testcase>
  <testcase name="runScenario[&quot;User validate Deletion page&quot;, &quot;Optional[LinkedList]&quot;](45)" classname="com.Runner.Testrunnertestng" time="3.074">
    <system-out><![CDATA[[INFO ] 2023-03-29 16:49:11.071 [main] Loggerload - ===============================================================================================
[INFO ] 2023-03-29 16:49:11.071 [main] Loggerload - [@linkedlist, @linkedlist] : User validate Deletion page
[INFO ] 2023-03-29 16:49:11.071 [main] Loggerload - -----------------------------------------------------------------------------------------------
[INFO ] 2023-03-29 16:49:11.098 [main] Loggerload - Click on LinkedList Deletion link
[INFO ] 2023-03-29 16:49:12.345 [main] Loggerload - Click on dsIntro Try here>>> link
[INFO ] 2023-03-29 16:49:12.560 [main] Loggerload - sending text on  input field
[INFO ] 2023-03-29 16:49:12.576 [main] Loggerload - Before sending keys to 
[INFO ] 2023-03-29 16:49:13.826 [main] Loggerload - Click on dsIntro Run button
]]></system-out>
  </testcase>
  <testcase name="runScenario[&quot;User validate Stack Main page&quot;, &quot;Optional[Stack]&quot;](46)" classname="com.Runner.Testrunnertestng" time="3.052">
    <system-out><![CDATA[[INFO ] 2023-03-29 16:49:14.143 [main] Loggerload - ===============================================================================================
[INFO ] 2023-03-29 16:49:14.143 [main] Loggerload - [@stack] : User validate Stack Main page
[INFO ] 2023-03-29 16:49:14.143 [main] Loggerload - -----------------------------------------------------------------------------------------------
[INFO ] 2023-03-29 16:49:15.498 [main] Loggerload - Click on dsIntro Try here>>> link
[INFO ] 2023-03-29 16:49:15.720 [main] Loggerload - Entering code on dsIntro  text field
[INFO ] 2023-03-29 16:49:15.738 [main] Loggerload - Before sending keys to 
[INFO ] 2023-03-29 16:49:17.039 [main] Loggerload - Click on dsIntro Run button
]]></system-out>
  </testcase>
  <testcase name="runScenario[&quot;User validate Implementation page&quot;, &quot;Optional[Stack]&quot;](47)" classname="com.Runner.Testrunnertestng" time="2.93">
    <system-out><![CDATA[[INFO ] 2023-03-29 16:49:17.193 [main] Loggerload - ===============================================================================================
[INFO ] 2023-03-29 16:49:17.193 [main] Loggerload - [@stack] : User validate Implementation page
[INFO ] 2023-03-29 16:49:17.193 [main] Loggerload - -----------------------------------------------------------------------------------------------
[INFO ] 2023-03-29 16:49:18.390 [main] Loggerload - Click on dsIntro Try here>>> link
[INFO ] 2023-03-29 16:49:18.633 [main] Loggerload - Entering code on dsIntro  text field
[INFO ] 2023-03-29 16:49:18.649 [main] Loggerload - Before sending keys to 
[INFO ] 2023-03-29 16:49:19.926 [main] Loggerload - Click on dsIntro Run button
]]></system-out>
  </testcase>
  <testcase name="runScenario[&quot;User validate Applications page&quot;, &quot;Optional[Stack]&quot;](48)" classname="com.Runner.Testrunnertestng" time="3.924">
    <system-out><![CDATA[[INFO ] 2023-03-29 16:49:20.123 [main] Loggerload - ===============================================================================================
[INFO ] 2023-03-29 16:49:20.123 [main] Loggerload - [@stack] : User validate Applications page
[INFO ] 2023-03-29 16:49:20.123 [main] Loggerload - -----------------------------------------------------------------------------------------------
[INFO ] 2023-03-29 16:49:22.306 [main] Loggerload - Click on dsIntro Try here>>> link
[INFO ] 2023-03-29 16:49:22.550 [main] Loggerload - Entering code on dsIntro  text field
[INFO ] 2023-03-29 16:49:22.565 [main] Loggerload - Before sending keys to 
[INFO ] 2023-03-29 16:49:23.848 [main] Loggerload - Click on dsIntro Run button
]]></system-out>
  </testcase>
  <testcase name="runScenario[&quot;User validate Practice Questions page&quot;, &quot;Optional[Stack]&quot;](49)" classname="com.Runner.Testrunnertestng" time="0.275">
    <system-out><![CDATA[[INFO ] 2023-03-29 16:49:24.046 [main] Loggerload - ===============================================================================================
[INFO ] 2023-03-29 16:49:24.046 [main] Loggerload - [@stack] : User validate Practice Questions page
[INFO ] 2023-03-29 16:49:24.046 [main] Loggerload - -----------------------------------------------------------------------------------------------
[INFO ] 2023-03-29 16:49:24.077 [main] Loggerload - Before click Practice Questions  link
]]></system-out>
  </testcase>
  <testcase name="runScenario[&quot;User validate Implementation of Queue in Python page&quot;, &quot;Optional[Queue]&quot;](50)" classname="com.Runner.Testrunnertestng" time="3.19">
    <system-out><![CDATA[[INFO ] 2023-03-29 16:49:24.323 [main] Loggerload - ===============================================================================================
[INFO ] 2023-03-29 16:49:24.323 [main] Loggerload - [@queue, @Queue_002] : User validate Implementation of Queue in Python page
[INFO ] 2023-03-29 16:49:24.323 [main] Loggerload - -----------------------------------------------------------------------------------------------
[INFO ] 2023-03-29 16:49:25.783 [main] Loggerload - Click on dsIntro Try here>>> link
[INFO ] 2023-03-29 16:49:25.998 [main] Loggerload - Before entering text in  input field
[INFO ] 2023-03-29 16:49:26.014 [main] Loggerload - Before sending keys to 
[INFO ] 2023-03-29 16:49:27.369 [main] Loggerload - Click on dsIntro Run button
]]></system-out>
  </testcase>
  <testcase name="runScenario[&quot;User validate Implementation using collections.deque page&quot;, &quot;Optional[Queue]&quot;](51)" classname="com.Runner.Testrunnertestng" time="3.009">
    <system-out><![CDATA[[INFO ] 2023-03-29 16:49:27.515 [main] Loggerload - ===============================================================================================
[INFO ] 2023-03-29 16:49:27.515 [main] Loggerload - [@queue, @Queue_003] : User validate Implementation using collections.deque page
[INFO ] 2023-03-29 16:49:27.515 [main] Loggerload - -----------------------------------------------------------------------------------------------
[INFO ] 2023-03-29 16:49:28.761 [main] Loggerload - Click on dsIntro Try here>>> link
[INFO ] 2023-03-29 16:49:29.004 [main] Loggerload - Before entering text in  input field
[INFO ] 2023-03-29 16:49:29.019 [main] Loggerload - Before sending keys to 
[INFO ] 2023-03-29 16:49:30.386 [main] Loggerload - Click on dsIntro Run button
]]></system-out>
  </testcase>
  <testcase name="runScenario[&quot;User validate Implementation using array page&quot;, &quot;Optional[Queue]&quot;](52)" classname="com.Runner.Testrunnertestng" time="3.06">
    <system-out><![CDATA[[INFO ] 2023-03-29 16:49:30.526 [main] Loggerload - ===============================================================================================
[INFO ] 2023-03-29 16:49:30.526 [main] Loggerload - [@queue, @Queue_004] : User validate Implementation using array page
[INFO ] 2023-03-29 16:49:30.526 [main] Loggerload - -----------------------------------------------------------------------------------------------
[INFO ] 2023-03-29 16:49:31.777 [main] Loggerload - Click on dsIntro Try here>>> link
[INFO ] 2023-03-29 16:49:32.013 [main] Loggerload - Before entering text in  input field
[INFO ] 2023-03-29 16:49:32.029 [main] Loggerload - Before sending keys to 
[INFO ] 2023-03-29 16:49:33.423 [main] Loggerload - Click on dsIntro Run button
]]></system-out>
  </testcase>
  <testcase name="runScenario[&quot;User validate Queue Operations page&quot;, &quot;Optional[Queue]&quot;](53)" classname="com.Runner.Testrunnertestng" time="2.987">
    <system-out><![CDATA[[INFO ] 2023-03-29 16:49:33.581 [main] Loggerload - ===============================================================================================
[INFO ] 2023-03-29 16:49:33.581 [main] Loggerload - [@queue, @Queue_005] : User validate Queue Operations page
[INFO ] 2023-03-29 16:49:33.581 [main] Loggerload - -----------------------------------------------------------------------------------------------
[INFO ] 2023-03-29 16:49:34.819 [main] Loggerload - Click on dsIntro Try here>>> link
[INFO ] 2023-03-29 16:49:35.047 [main] Loggerload - Before entering text in  input field
[INFO ] 2023-03-29 16:49:35.064 [main] Loggerload - Before sending keys to 
[INFO ] 2023-03-29 16:49:36.365 [main] Loggerload - Click on dsIntro Run button
]]></system-out>
  </testcase>
  <testcase name="runScenario[&quot;The user is able run code in Editor for Implementation of queue page&quot;, &quot;Optional[Queue]&quot;](54)" classname="com.Runner.Testrunnertestng" time="1.602">
    <system-out><![CDATA[[INFO ] 2023-03-29 16:49:36.572 [main] Loggerload - ===============================================================================================
[INFO ] 2023-03-29 16:49:36.572 [main] Loggerload - [@queue, @Queue_006] : The user is able run code in Editor for Implementation of queue page
[INFO ] 2023-03-29 16:49:36.572 [main] Loggerload - -----------------------------------------------------------------------------------------------
[INFO ] 2023-03-29 16:49:36.667 [main] Loggerload - User is in editor page
[INFO ] 2023-03-29 16:49:36.728 [main] Loggerload - Before sending keys to 
[INFO ] 2023-03-29 16:49:36.986 [main] Loggerload - Expected result from Excel sheetname pythonCode and 0 : hello
[INFO ] 2023-03-29 16:49:38.025 [main] Loggerload - Click on dsIntro Run button
[INFO ] 2023-03-29 16:49:38.142 [main] Loggerload - Expected result - Excel Sheet :  hello
[INFO ] 2023-03-29 16:49:38.167 [main] Loggerload - Actual result  :hello
]]></system-out>
  </testcase>
  <testcase name="runScenario[&quot;The user is presented with error message for invalid code in Editor for Implementation of queue page&quot;, &quot;Optional[Queue]&quot;](55)" classname="com.Runner.Testrunnertestng" time="1.478">
    <system-out><![CDATA[[INFO ] 2023-03-29 16:49:38.170 [main] Loggerload - ===============================================================================================
[INFO ] 2023-03-29 16:49:38.170 [main] Loggerload - [@queue, @Queue_007] : The user is presented with error message for invalid code in Editor for Implementation of queue page
[INFO ] 2023-03-29 16:49:38.170 [main] Loggerload - -----------------------------------------------------------------------------------------------
[INFO ] 2023-03-29 16:49:38.260 [main] Loggerload - User is in editor page
[INFO ] 2023-03-29 16:49:38.329 [main] Loggerload - Before sending keys to 
[INFO ] 2023-03-29 16:49:39.528 [main] Loggerload - Click on dsIntro Run button
[INFO ] 2023-03-29 16:49:39.638 [main] Loggerload - Invalid code is taken from excel and clicked on run button
[INFO ] 2023-03-29 16:49:39.646 [main] Loggerload - Error message for invalid python code is -NameError: name 'hello' is not defined on line 1
]]></system-out>
  </testcase>
  <testcase name="runScenario[&quot;The user is able to navigate to QueueOp page and click on Practice Questions&quot;, &quot;Optional[Queue]&quot;](56)" classname="com.Runner.Testrunnertestng" time="0.323">
    <system-out><![CDATA[[INFO ] 2023-03-29 16:49:39.648 [main] Loggerload - ===============================================================================================
[INFO ] 2023-03-29 16:49:39.648 [main] Loggerload - [@queue, @Queue_008] : The user is able to navigate to QueueOp page and click on Practice Questions
[INFO ] 2023-03-29 16:49:39.648 [main] Loggerload - -----------------------------------------------------------------------------------------------
[INFO ] 2023-03-29 16:49:39.885 [main] Loggerload - User clicked on Practice Questions link
[INFO ] 2023-03-29 16:49:39.893 [main] Loggerload - User is in Practice Questions
]]></system-out>
  </testcase>
  <testcase name="runScenario[&quot;Validate overview of trees link&quot;, &quot;Optional[Tree]&quot;](57)" classname="com.Runner.Testrunnertestng" time="3.254">
    <system-out><![CDATA[[INFO ] 2023-03-29 16:49:39.974 [main] Loggerload - ===============================================================================================
[INFO ] 2023-03-29 16:49:39.974 [main] Loggerload - [@tree, @tree] : Validate overview of trees link
[INFO ] 2023-03-29 16:49:39.974 [main] Loggerload - -----------------------------------------------------------------------------------------------
[INFO ] 2023-03-29 16:49:41.466 [main] Loggerload - Click on dsIntro Try here>>> link
[INFO ] 2023-03-29 16:49:41.670 [main] Loggerload - Before sending keys to 
[INFO ] 2023-03-29 16:49:42.992 [main] Loggerload - Click on dsIntro Run button
]]></system-out>
  </testcase>
  <testcase name="runScenario[&quot;Validate Terminologies link&quot;, &quot;Optional[Tree]&quot;](58)" classname="com.Runner.Testrunnertestng" time="3.1">
    <system-out><![CDATA[[INFO ] 2023-03-29 16:49:43.228 [main] Loggerload - ===============================================================================================
[INFO ] 2023-03-29 16:49:43.228 [main] Loggerload - [@tree, @tree] : Validate Terminologies link
[INFO ] 2023-03-29 16:49:43.228 [main] Loggerload - -----------------------------------------------------------------------------------------------
[INFO ] 2023-03-29 16:49:44.484 [main] Loggerload - Click on dsIntro Try here>>> link
[INFO ] 2023-03-29 16:49:44.752 [main] Loggerload - Before sending keys to 
[INFO ] 2023-03-29 16:49:46.090 [main] Loggerload - Click on dsIntro Run button
]]></system-out>
  </testcase>
  <testcase name="runScenario[&quot;Validate Types of Trees link&quot;, &quot;Optional[Tree]&quot;](59)" classname="com.Runner.Testrunnertestng" time="3.138">
    <system-out><![CDATA[[INFO ] 2023-03-29 16:49:46.333 [main] Loggerload - ===============================================================================================
[INFO ] 2023-03-29 16:49:46.333 [main] Loggerload - [@tree, @tree] : Validate Types of Trees link
[INFO ] 2023-03-29 16:49:46.333 [main] Loggerload - -----------------------------------------------------------------------------------------------
[INFO ] 2023-03-29 16:49:47.614 [main] Loggerload - Click on dsIntro Try here>>> link
[INFO ] 2023-03-29 16:49:47.869 [main] Loggerload - Before sending keys to 
[INFO ] 2023-03-29 16:49:49.249 [main] Loggerload - Click on dsIntro Run button
]]></system-out>
  </testcase>
  <testcase name="runScenario[&quot;Validate Tree Traversals link&quot;, &quot;Optional[Tree]&quot;](60)" classname="com.Runner.Testrunnertestng" time="3.067">
    <system-out><![CDATA[[INFO ] 2023-03-29 16:49:49.466 [main] Loggerload - ===============================================================================================
[INFO ] 2023-03-29 16:49:49.466 [main] Loggerload - [@tree, @tree] : Validate Tree Traversals link
[INFO ] 2023-03-29 16:49:49.466 [main] Loggerload - -----------------------------------------------------------------------------------------------
[INFO ] 2023-03-29 16:49:50.718 [main] Loggerload - Click on dsIntro Try here>>> link
[INFO ] 2023-03-29 16:49:50.945 [main] Loggerload - Before sending keys to 
[INFO ] 2023-03-29 16:49:52.296 [main] Loggerload - Click on dsIntro Run button
]]></system-out>
  </testcase>
  <testcase name="runScenario[&quot;Validate Traversals-Illustration link&quot;, &quot;Optional[Tree]&quot;](61)" classname="com.Runner.Testrunnertestng" time="3.278">
    <system-out><![CDATA[[INFO ] 2023-03-29 16:49:52.533 [main] Loggerload - ===============================================================================================
[INFO ] 2023-03-29 16:49:52.533 [main] Loggerload - [@tree, @tree] : Validate Traversals-Illustration link
[INFO ] 2023-03-29 16:49:52.533 [main] Loggerload - -----------------------------------------------------------------------------------------------
[INFO ] 2023-03-29 16:49:53.804 [main] Loggerload - Click on dsIntro Try here>>> link
[INFO ] 2023-03-29 16:49:54.053 [main] Loggerload - Before sending keys to 
[INFO ] 2023-03-29 16:49:55.464 [main] Loggerload - Click on dsIntro Run button
]]></system-out>
  </testcase>
  <testcase name="runScenario[&quot;Validate Binary Trees link&quot;, &quot;Optional[Tree]&quot;](62)" classname="com.Runner.Testrunnertestng" time="3.091">
    <system-out><![CDATA[[INFO ] 2023-03-29 16:49:55.812 [main] Loggerload - ===============================================================================================
[INFO ] 2023-03-29 16:49:55.812 [main] Loggerload - [@tree, @tree] : Validate Binary Trees link
[INFO ] 2023-03-29 16:49:55.812 [main] Loggerload - -----------------------------------------------------------------------------------------------
[INFO ] 2023-03-29 16:49:57.073 [main] Loggerload - Click on dsIntro Try here>>> link
[INFO ] 2023-03-29 16:49:57.311 [main] Loggerload - Before sending keys to 
[INFO ] 2023-03-29 16:49:58.663 [main] Loggerload - Click on dsIntro Run button
]]></system-out>
  </testcase>
  <testcase name="runScenario[&quot;Validate Types of Binary Trees link&quot;, &quot;Optional[Tree]&quot;](63)" classname="com.Runner.Testrunnertestng" time="3.081">
    <system-out><![CDATA[[INFO ] 2023-03-29 16:49:58.903 [main] Loggerload - ===============================================================================================
[INFO ] 2023-03-29 16:49:58.903 [main] Loggerload - [@tree, @tree] : Validate Types of Binary Trees link
[INFO ] 2023-03-29 16:49:58.903 [main] Loggerload - -----------------------------------------------------------------------------------------------
[INFO ] 2023-03-29 16:50:00.177 [main] Loggerload - Click on dsIntro Try here>>> link
[INFO ] 2023-03-29 16:50:00.405 [main] Loggerload - Before sending keys to 
[INFO ] 2023-03-29 16:50:01.764 [main] Loggerload - Click on dsIntro Run button
]]></system-out>
  </testcase>
  <testcase name="runScenario[&quot;Validate Implementation in Python link&quot;, &quot;Optional[Tree]&quot;](64)" classname="com.Runner.Testrunnertestng" time="3.103">
    <system-out><![CDATA[[INFO ] 2023-03-29 16:50:01.984 [main] Loggerload - ===============================================================================================
[INFO ] 2023-03-29 16:50:01.984 [main] Loggerload - [@tree, @tree] : Validate Implementation in Python link
[INFO ] 2023-03-29 16:50:01.985 [main] Loggerload - -----------------------------------------------------------------------------------------------
[INFO ] 2023-03-29 16:50:03.250 [main] Loggerload - Click on dsIntro Try here>>> link
[INFO ] 2023-03-29 16:50:03.465 [main] Loggerload - Before sending keys to 
[INFO ] 2023-03-29 16:50:04.856 [main] Loggerload - Click on dsIntro Run button
]]></system-out>
  </testcase>
  <testcase name="runScenario[&quot;Validate Binary Tree Traversals link&quot;, &quot;Optional[Tree]&quot;](65)" classname="com.Runner.Testrunnertestng" time="3.116">
    <system-out><![CDATA[[INFO ] 2023-03-29 16:50:05.090 [main] Loggerload - ===============================================================================================
[INFO ] 2023-03-29 16:50:05.090 [main] Loggerload - [@tree, @tree] : Validate Binary Tree Traversals link
[INFO ] 2023-03-29 16:50:05.090 [main] Loggerload - -----------------------------------------------------------------------------------------------
[INFO ] 2023-03-29 16:50:06.352 [main] Loggerload - Click on dsIntro Try here>>> link
[INFO ] 2023-03-29 16:50:06.599 [main] Loggerload - Before sending keys to 
[INFO ] 2023-03-29 16:50:07.980 [main] Loggerload - Click on dsIntro Run button
]]></system-out>
  </testcase>
  <testcase name="runScenario[&quot;Validate Implementation of Binary Trees link&quot;, &quot;Optional[Tree]&quot;](66)" classname="com.Runner.Testrunnertestng" time="3.137">
    <system-out><![CDATA[[INFO ] 2023-03-29 16:50:08.204 [main] Loggerload - ===============================================================================================
[INFO ] 2023-03-29 16:50:08.204 [main] Loggerload - [@tree, @tree] : Validate Implementation of Binary Trees link
[INFO ] 2023-03-29 16:50:08.204 [main] Loggerload - -----------------------------------------------------------------------------------------------
[INFO ] 2023-03-29 16:50:09.465 [main] Loggerload - Click on dsIntro Try here>>> link
[INFO ] 2023-03-29 16:50:09.683 [main] Loggerload - Before sending keys to 
[INFO ] 2023-03-29 16:50:11.101 [main] Loggerload - Click on dsIntro Run button
]]></system-out>
  </testcase>
  <testcase name="runScenario[&quot;Validate Applications of Binary trees link&quot;, &quot;Optional[Tree]&quot;](67)" classname="com.Runner.Testrunnertestng" time="3.15">
    <system-out><![CDATA[[INFO ] 2023-03-29 16:50:11.341 [main] Loggerload - ===============================================================================================
[INFO ] 2023-03-29 16:50:11.341 [main] Loggerload - [@tree, @tree] : Validate Applications of Binary trees link
[INFO ] 2023-03-29 16:50:11.343 [main] Loggerload - -----------------------------------------------------------------------------------------------
[INFO ] 2023-03-29 16:50:12.583 [main] Loggerload - Click on dsIntro Try here>>> link
[INFO ] 2023-03-29 16:50:12.809 [main] Loggerload - Before sending keys to 
[INFO ] 2023-03-29 16:50:14.268 [main] Loggerload - Click on dsIntro Run button
]]></system-out>
  </testcase>
  <testcase name="runScenario[&quot;Validate Binary Search Trees link&quot;, &quot;Optional[Tree]&quot;](68)" classname="com.Runner.Testrunnertestng" time="3.23">
    <system-out><![CDATA[[INFO ] 2023-03-29 16:50:14.494 [main] Loggerload - ===============================================================================================
[INFO ] 2023-03-29 16:50:14.494 [main] Loggerload - [@tree, @tree] : Validate Binary Search Trees link
[INFO ] 2023-03-29 16:50:14.494 [main] Loggerload - -----------------------------------------------------------------------------------------------
[INFO ] 2023-03-29 16:50:15.892 [main] Loggerload - Click on dsIntro Try here>>> link
[INFO ] 2023-03-29 16:50:16.148 [main] Loggerload - Before sending keys to 
[INFO ] 2023-03-29 16:50:17.518 [main] Loggerload - Click on dsIntro Run button
]]></system-out>
  </testcase>
  <testcase name="runScenario[&quot;Validate Implementation Of BST link&quot;, &quot;Optional[Tree]&quot;](69)" classname="com.Runner.Testrunnertestng" time="3.168">
    <system-out><![CDATA[[INFO ] 2023-03-29 16:50:17.721 [main] Loggerload - ===============================================================================================
[INFO ] 2023-03-29 16:50:17.721 [main] Loggerload - [@tree, @tree] : Validate Implementation Of BST link
[INFO ] 2023-03-29 16:50:17.721 [main] Loggerload - -----------------------------------------------------------------------------------------------
[INFO ] 2023-03-29 16:50:18.976 [main] Loggerload - Click on dsIntro Try here>>> link
[INFO ] 2023-03-29 16:50:19.179 [main] Loggerload - Before sending keys to 
[INFO ] 2023-03-29 16:50:20.588 [main] Loggerload - Click on dsIntro Run button
]]></system-out>
  </testcase>
  <testcase name="runScenario[&quot;User validate Get Started On Graph page&quot;, &quot;Optional[Graph]&quot;](70)" classname="com.Runner.Testrunnertestng" time="3.2">
    <system-out><![CDATA[[INFO ] 2023-03-29 16:50:20.890 [main] Loggerload - ===============================================================================================
[INFO ] 2023-03-29 16:50:20.890 [main] Loggerload - [@graph] : User validate Get Started On Graph page
[INFO ] 2023-03-29 16:50:20.890 [main] Loggerload - -----------------------------------------------------------------------------------------------
[INFO ] 2023-03-29 16:50:20.923 [main] Loggerload - Click on graph Get Started link
[INFO ] 2023-03-29 16:50:21.166 [main] Loggerload - Click on graph Graph link
[INFO ] 2023-03-29 16:50:22.423 [main] Loggerload - Click on dsIntro Try here>>> link
[INFO ] 2023-03-29 16:50:22.687 [main] Loggerload - Before entering text in  input field
[INFO ] 2023-03-29 16:50:22.704 [main] Loggerload - Before sending keys to 
[INFO ] 2023-03-29 16:50:23.945 [main] Loggerload - Click on dsIntro Run button
]]></system-out>
  </testcase>
  <testcase name="runScenario[&quot;User validate Graph Representations page&quot;, &quot;Optional[Graph]&quot;](71)" classname="com.Runner.Testrunnertestng" time="3.098">
    <system-out><![CDATA[[INFO ] 2023-03-29 16:50:24.089 [main] Loggerload - ===============================================================================================
[INFO ] 2023-03-29 16:50:24.090 [main] Loggerload - [@graph] : User validate Graph Representations page
[INFO ] 2023-03-29 16:50:24.090 [main] Loggerload - -----------------------------------------------------------------------------------------------
[INFO ] 2023-03-29 16:50:24.135 [main] Loggerload - Click on graph Graph Representations link
[INFO ] 2023-03-29 16:50:25.388 [main] Loggerload - Click on dsIntro Try here>>> link
[INFO ] 2023-03-29 16:50:25.618 [main] Loggerload - Before entering text in  input field
[INFO ] 2023-03-29 16:50:25.636 [main] Loggerload - Before sending keys to 
[INFO ] 2023-03-29 16:50:26.968 [main] Loggerload - Click on dsIntro Run button
]]></system-out>
  </testcase>
  <testcase name="runScenario[&quot;The user is able to navigate to Graph Data Structure Page&quot;, &quot;Optional[Graph]&quot;](72)" classname="com.Runner.Testrunnertestng" time="0.322">
    <system-out><![CDATA[[INFO ] 2023-03-29 16:50:27.186 [main] Loggerload - ===============================================================================================
[INFO ] 2023-03-29 16:50:27.186 [main] Loggerload - [@graph] : The user is able to navigate to Graph Data Structure Page
[INFO ] 2023-03-29 16:50:27.186 [main] Loggerload - -----------------------------------------------------------------------------------------------
[INFO ] 2023-03-29 16:50:27.193 [main] Loggerload - user clicked on Data Structure dropdown
[INFO ] 2023-03-29 16:50:27.307 [main] Loggerload - user selected graph from data structures dropdown
]]></system-out>
  </testcase>
  <testcase name="runScenario[&quot;The user is presented with error message for invalid code in Editor for Graph page&quot;, &quot;Optional[Graph]&quot;](73)" classname="com.Runner.Testrunnertestng" time="1.664">
    <system-out><![CDATA[[INFO ] 2023-03-29 16:50:27.513 [main] Loggerload - ===============================================================================================
[INFO ] 2023-03-29 16:50:27.513 [main] Loggerload - [@graph] : The user is presented with error message for invalid code in Editor for Graph page
[INFO ] 2023-03-29 16:50:27.513 [main] Loggerload - -----------------------------------------------------------------------------------------------
[INFO ] 2023-03-29 16:50:27.617 [main] Loggerload - User redirected to a page having an tryEditor with a Run button to test
[INFO ] 2023-03-29 16:50:27.620 [main] Loggerload - Title of current page is : Assessment
[INFO ] 2023-03-29 16:50:27.620 [main] Loggerload - The user enter valid python code in tryEditor from sheetname :pythonCode and row number : 1
[INFO ] 2023-03-29 16:50:27.620 [main] Loggerload - Clearing text in editor
[INFO ] 2023-03-29 16:50:27.696 [main] Loggerload - Before sending keys to 
[INFO ] 2023-03-29 16:50:27.903 [main] Loggerload - Expected result from Excel sheetname pythonCode and 1 : hello
[INFO ] 2023-03-29 16:50:28.943 [main] Loggerload - Click on dsIntro Run button
[INFO ] 2023-03-29 16:50:29.064 [main] Loggerload - Invalid code is taken from excel and clicked on run button
[INFO ] 2023-03-29 16:50:29.075 [main] Loggerload - Error message for invalid python code is -NameError: name 'hello' is not defined on line 1
]]></system-out>
  </testcase>
  <testcase name="runScenario[&quot;The user is able to navigate to graph representations page and click on Practice Questions&quot;, &quot;Optional[Graph]&quot;](74)" classname="com.Runner.Testrunnertestng" time="0.388">
    <system-out><![CDATA[[INFO ] 2023-03-29 16:50:29.174 [main] Loggerload - ===============================================================================================
[INFO ] 2023-03-29 16:50:29.174 [main] Loggerload - [@graph] : The user is able to navigate to graph representations page and click on Practice Questions
[INFO ] 2023-03-29 16:50:29.174 [main] Loggerload - -----------------------------------------------------------------------------------------------
[INFO ] 2023-03-29 16:50:29.464 [main] Loggerload - User clicked on Graph Practice Questions link
[INFO ] 2023-03-29 16:50:29.470 [main] Loggerload - Title of current page is :Practice Questions
]]></system-out>
  </testcase>
</testsuite>